# Face Positions

[1] = [[1, 1, 2], [1, 2, 1], [2, 1, 2], [2, 2, 1]]
[2] = [[1, 1, 3], [1, 3, 1]]
[3] = [[1, 1, 4], [1, 4, 1], [3, 1, 2], [3, 2, 1]]
[4] = [[1, 1, 5], [1, 5, 1]]
[5] = [[1, 2, 3], [1, 3, 2], [2, 1, 3], [2, 3, 1]]
[6] = [[1, 2, 4], [1, 4, 2], [2, 1, 4], [2, 4, 1], [3, 1, 3], [3, 3, 1]]
[7] = [[1, 2, 5], [1, 5, 2], [2, 1, 5], [2, 5, 1]]
[8] = [[1, 3, 4], [1, 4, 3], [3, 1, 4], [3, 4, 1]]
[9] = [[1, 3, 5], [1, 5, 3]]
[10] = [[1, 4, 5], [1, 5, 4], [3, 1, 5], [3, 5, 1]]
[11] = [[2, 2, 3], [2, 3, 2]]
[12] = [[2, 2, 4], [2, 4, 2], [3, 2, 3], [3, 3, 2]]
[13] = [[2, 2, 5], [2, 5, 2]]
[14] = [[2, 3, 4], [2, 4, 3], [3, 3, 4], [3, 4, 3]]
[15] = [[2, 3, 5], [2, 5, 3]]
[16] = [[2, 4, 5], [2, 5, 4], [3, 3, 5], [3, 5, 3]]
[17] = [[3, 2, 4], [3, 4, 2]]
[18] = [[3, 2, 5], [3, 5, 2]]
[19] = [[3, 4, 5], [3, 5, 4]]
