# Tetrahedron 1
## Face 1
1.0 + 0.0im 0.0 + 0.0im
0.0 + 0.0im 1.0 + 0.0im

## Face 2
0.0 + 0.0im 0.4653012021444601 + 0.18301582249335807im
0.4653012021444601 - 0.18301582249335807im 0.0 + 0.0im

## Face 3
0.09931223930609659 + 0.0im -0.48667181254170105 + 0.05733782347965407im
-0.48667181254170105 - 0.05733782347965407im -0.09931223930609659 + 0.0im

## Face 4
0.0 + 0.0im -0.5 + 0.0im
-0.5 + 0.0im 0.0 + 0.0im

## Face 5
-0.0588679728249766 + 0.0im -0.49535785763847223 + 0.03398756612793687im
-0.49535785763847223 - 0.03398756612793687im 0.0588679728249766 + 0.0im


# Tetrahedron 2
## Face 1
0.0 + 0.0im 0.4707773814249706 + 0.16842997695970782im
0.4707773814249706 - 0.16842997695970782im 0.0 + 0.0im

## Face 2
1.0 + 0.0im 0.0 + 0.0im
0.0 + 0.0im 1.0 + 0.0im

## Face 3
-0.16222372845764554 + 0.0im -0.14008022541270998 - 0.4517311062718888im
-0.14008022541270998 + 0.4517311062718888im 0.16222372845764554 + 0.0im

## Face 4
0.0 + 0.0im -0.23987710532242895 - 0.4387014638021309im
-0.23987710532242895 + 0.4387014638021309im 0.0 + 0.0im

## Face 5
0.09887686497680911 + 0.0im -0.19503339211904647 - 0.4496502435570297im
-0.19503339211904647 + 0.4496502435570297im -0.09887686497680911 + 0.0im


# Tetrahedron 3
## Face 1
0.0923274795099343 + 0.0im -0.4885019901572597 + 0.05330517929562989im
-0.4885019901572597 - 0.05330517929562989im -0.0923274795099343 + 0.0im

## Face 2
-0.17097343935135442 + 0.0im -0.0857059870687408 - 0.46197680333209545im
-0.0857059870687408 + 0.46197680333209545im 0.17097343935135442 + 0.0im

## Face 3
1.0 + 0.0im 0.0 + 0.0im
0.0 + 0.0im 1.0 + 0.0im

## Face 4
-0.40618532453956646 + 0.0im 0.17325765560097978 - 0.2345106967802095im
0.17325765560097978 + 0.2345106967802095im 0.40618532453956646 + 0.0im

## Face 5
-0.4839396996473817 + 0.0im 0.09624462651940971 - 0.08086617940363795im
0.09624462651940971 + 0.08086617940363795im 0.4839396996473817 + 0.0im


# Tetrahedron 4
## Face 1
0.0 + 0.0im -0.5 + 0.0im
-0.5 + 0.0im 0.0 + 0.0im

## Face 2
0.0 + 0.0im -0.20545970705306346 - 0.45583583533731675im
-0.20545970705306346 + 0.45583583533731675im 0.0 + 0.0im

## Face 3
-0.41193401344495323 + 0.0im 0.1541019271674597 - 0.23782969665373585im
0.1541019271674597 + 0.23782969665373585im 0.41193401344495323 + 0.0im

## Face 4
1.0 + 0.0im 0.0 + 0.0im
0.0 + 0.0im 1.0 + 0.0im

## Face 5
-0.4243484156462736 + 0.0im -0.09951943126911064 + 0.2449985815027715im
-0.09951943126911064 - 0.2449985815027715im 0.4243484156462736 + 0.0im


# Tetrahedron 5
## Face 1
-0.05494148321724351 + 0.0im -0.4959589066565918 + 0.03172059788035922im
-0.4959589066565918 - 0.03172059788035922im 0.05494148321724351 + 0.0im

## Face 2
0.10504510651172705 + 0.0im -0.15108475135804342 - 0.4649074354159311im
-0.15108475135804342 + 0.4649074354159311im -0.10504510651172705 + 0.0im

## Face 3
-0.4887744185216896 + 0.0im 0.06820892714550544 - 0.0802938980025463im
0.06820892714550544 + 0.0802938980025463im 0.4887744185216896 + 0.0im

## Face 4
-0.4223149142431597 + 0.0im -0.11045229537433038 + 0.24382453456191458im
-0.11045229537433038 - 0.24382453456191458im 0.4223149142431597 + 0.0im

## Face 5
1.0 + 0.0im 0.0 + 0.0im
0.0 + 0.0im 1.0 + 0.0im


