# Tetrahedron 1
## Face 1
0.0 + 0.0im 0.0 + 0.0im
0.0 + 0.0im 0.0 + 0.0im

## Face 2
0.7071067811865475 + 0.0im -0.6580352706612004 - 0.2588234582989739im
0.6580352706612005 - 0.25882345829897396im 0.7071067811865476 + 0.0im

## Face 3
0.774152594328855 + 0.0im 0.6286510128711992 - 0.0740652733061789im
-0.6286510128711991 - 0.07406527330617889im 0.7741525943288547 + 0.0im

## Face 4
0.7071067811865477 + 0.0im 0.7071067811865475 + 0.0im
-0.7071067811865475 + 0.0im 0.7071067811865477 + 0.0im

## Face 5
0.6641777075263994 + 0.0im 0.7458212644373992 - 0.05117239820426516im
-0.745821264437399 - 0.05117239820426516im 0.6641777075263994 + 0.0im


# Tetrahedron 2
## Face 1
0.7071067811865475 + 0.0im -0.665779757669685 - 0.2381959577266067im
0.6657797576696851 - 0.23819595772660673im 0.7071067811865475 + 0.0im

## Face 2
0.0 + 0.0im 0.0 + 0.0im
0.0 + 0.0im 0.0 + 0.0im

## Face 3
0.5811852299760848 + 0.0im 0.24102509524970916 + 0.777258407428002im
-0.24102509524970922 + 0.7772584074280021im 0.5811852299760846 + 0.0im

## Face 4
0.7071067811865475 + 0.0im 0.3392374556497783 + 0.6204175599419028im
-0.33923745564977836 + 0.620417559941903im 0.7071067811865475 + 0.0im

## Face 5
0.7738713491122468 + 0.0im 0.25202301693011475 + 0.5810400450576828im
-0.25202301693011475 + 0.5810400450576828im 0.773871349112247 + 0.0im


# Tetrahedron 3
## Face 1
0.7696281436576592 + 0.0im 0.6347246968330095 - 0.06926095379295373im
-0.6347246968330096 - 0.06926095379295372im 0.7696281436576591 + 0.0im

## Face 2
0.5736083687052044 + 0.0im 0.14941551020638585 + 0.8053871396174141im
-0.14941551020638585 + 0.8053871396174139im 0.5736083687052044 + 0.0im

## Face 3
0.0 + 0.0im 0.0 + 0.0im
0.0 + 0.0im 0.0 + 0.0im

## Face 4
0.3062918142236798 + 0.0im -0.5656620502252545 + 0.7656446757305432im
0.5656620502252543 + 0.765644675730543im 0.30629181422367996 + 0.0im

## Face 5
0.12672924032210708 + 0.0im -0.7594508281970707 + 0.6381019818165159im
0.7594508281970707 + 0.638101981816516im 0.12672924032210703 + 0.0im


# Tetrahedron 4
## Face 1
0.7071067811865477 + 0.0im 0.7071067811865475 + 0.0im
-0.7071067811865475 + 0.0im 0.7071067811865477 + 0.0im

## Face 2
0.7071067811865475 + 0.0im 0.2905639042356454 + 0.6446492205497023im
-0.29056390423564543 + 0.6446492205497023im 0.7071067811865475 + 0.0im

## Face 3
0.29675913895792133 + 0.0im -0.5192828355972233 + 0.801423327648416im
0.5192828355972233 + 0.8014233276484158im 0.29675913895792144 + 0.0im

## Face 4
0.0 + 0.0im 0.0 + 0.0im
0.0 + 0.0im 0.0 + 0.0im

## Face 5
0.2750483309415391 + 0.0im 0.3618252505966425 - 0.8907473848835878im
-0.3618252505966425 - 0.8907473848835877im 0.2750483309415389 + 0.0im


# Tetrahedron 5
## Face 1
0.6671270619475395 + 0.0im 0.7434249559727681 - 0.04754806046655863im
-0.743424955972768 - 0.047548060466558635im 0.6671270619475395 + 0.0im

## Face 2
0.7778464543286978 + 0.0im 0.19423467255942378 + 0.5976853565748506im
-0.19423467255942375 + 0.5976853565748506im 0.7778464543286979 + 0.0im

## Face 3
0.1059508446323596 + 0.0im -0.6437789843222557 + 0.7578410373334863im
0.6437789843222557 + 0.7578410373334865im 0.10595084463235943 + 0.0im

## Face 4
0.278720443736803 + 0.0im 0.3962834368857101 - 0.8747996067061353im
-0.39628343688571005 - 0.8747996067061352im 0.27872044373680294 + 0.0im

## Face 5
0.0 + 0.0im 0.0 + 0.0im
0.0 + 0.0im 0.0 + 0.0im


