# Tetrahedron 1
## Face 1
1.0 0.0 0.0 0.0
0.0 1.0 0.0 0.0
0.0 0.0 1.0 0.0
0.0 0.0 0.0 1.0

## Face 2
-0.0 0.9032514000349999 -0.35527373910450344 0.0
0.9032514000349999 0.0 0.0 0.0
-0.35527373910450344 0.0 0.0 0.0
-0.0 0.0 0.0 0.0

## Face 3
-0.0 -1.50774127134 -0.17763634679720536 0.30767584662233954
-1.50774127134 0.0 0.0 0.0
-0.17763634679720536 0.0 0.0 0.0
0.30767584662233954 0.0 0.0 0.0

## Face 4
-0.0 -5.00000059735 0.0 0.0
-5.00000059735 0.0 0.0 0.0
-0.0 0.0 0.0 0.0
-0.0 0.0 0.0 0.0

## Face 5
-0.0 -2.589007925975 -0.17763739230729808 -0.3076758466223396
-2.589007925975 0.0 0.0 0.0
-0.17763739230729808 0.0 0.0 0.0
-0.3076758466223396 0.0 0.0 0.0


# Tetrahedron 2
## Face 1
-0.0 0.9138818617212507 -0.3269594228331395 0.0
0.9138818617212507 0.0 0.0 0.0
-0.3269594228331395 0.0 0.0 0.0
-0.0 0.0 0.0 0.0

## Face 2
1.0 0.0 0.0 0.0
0.0 1.0 0.0 0.0
0.0 0.0 1.0 0.0
0.0 0.0 0.0 1.0

## Face 3
-0.0 -0.5410634826930775 1.7448230460806224 -0.6265933341850963
-0.5410634826930775 0.0 0.0 0.0
1.7448230460806224 0.0 0.0 0.0
-0.6265933341850963 0.0 0.0 0.0

## Face 4
-0.0 -2.6908929391723673 4.921264452324359 0.0
-2.6908929391723673 0.0 0.0 0.0
4.921264452324359 0.0 0.0 0.0
-0.0 0.0 0.0 0.0

## Face 5
-0.0 -1.2359475947580392 2.8494819834105978 0.6265933341850964
-1.2359475947580392 0.0 0.0 0.0
2.8494819834105978 0.0 0.0 0.0
0.6265933341850964 0.0 0.0 0.0


# Tetrahedron 3
## Face 1
-0.0 -1.5134112819174521 -0.16514294999017 0.28603660156298427
-1.5134112819174521 0.0 0.0 0.0
-0.16514294999017 0.0 0.0 0.0
0.28603660156298427 0.0 0.0 0.0

## Face 2
-0.0 -0.3310415850234145 1.7843973151659314 -0.6603893181275808
-0.3310415850234145 0.0 0.0 0.0
1.7843973151659314 0.0 0.0 0.0
-0.6603893181275808 0.0 0.0 0.0

## Face 3
1.0 0.0 0.0 0.0
0.0 1.0 0.0 0.0
0.0 0.0 1.0 0.0
0.0 0.0 0.0 1.0

## Face 4
-0.0 1.862563815847547 2.5210495705769205 -4.366595434940255
1.862563815847547 0.0 0.0 0.0
2.5210495705769205 0.0 0.0 0.0
-4.366595434940255 0.0 0.0 0.0

## Face 5
-0.0 0.6801941189535099 0.571509305420819 -3.42016951524969
0.6801941189535099 0.0 0.0 0.0
0.571509305420819 0.0 0.0 0.0
-3.42016951524969 0.0 0.0 0.0


# Tetrahedron 4
## Face 1
-0.0 -5.00000059735 0.0 0.0
-5.00000059735 0.0 0.0 0.0
-0.0 0.0 0.0 0.0
-0.0 0.0 0.0 0.0

## Face 2
-0.0 -2.30480551385 5.113474372980244 0.0
-2.30480551385 0.0 0.0 0.0
5.113474372980244 0.0 0.0 0.0
-0.0 0.0 0.0 0.0

## Face 3
-0.0 1.6566348684499999 2.556729662448127 -4.4283953011949215
1.6566348684499999 0.0 0.0 0.0
2.556729662448127 0.0 0.0 0.0
-4.4283953011949215 0.0 0.0 0.0

## Face 4
1.0 0.0 0.0 0.0
0.0 1.0 0.0 0.0
0.0 0.0 1.0 0.0
0.0 0.0 0.0 1.0

## Face 5
-0.0 -1.0385602150499995 -2.5567447105321173 -4.4283953011949215
-1.0385602150499995 0.0 0.0 0.0
-2.5567447105321173 0.0 0.0 0.0
-4.4283953011949215 0.0 0.0 0.0


# Tetrahedron 5
## Face 1
-0.0 -2.5921493330362053 -0.16578899085285734 -0.2871538894979632
-2.5921493330362053 0.0 0.0 0.0
-0.16578899085285734 0.0 0.0 0.0
-0.2871538894979632 0.0 0.0 0.0

## Face 2
-0.0 -0.9574403286366981 2.94616845015297 0.6656821445992376
-0.9574403286366981 0.0 0.0 0.0
2.94616845015297 0.0 0.0 0.0
0.6656821445992376 0.0 0.0 0.0

## Face 3
-0.0 0.48205611868777604 0.5674647944960404 -3.4543381484921367
0.48205611868777604 0.0 0.0 0.0
0.5674647944960404 0.0 0.0 0.0
-3.4543381484921367 0.0 0.0 0.0

## Face 4
-0.0 -1.152652885711731 -2.5444926465097866 -4.407174182589335
-1.152652885711731 0.0 0.0 0.0
-2.5444926465097866 0.0 0.0 0.0
-4.407174182589335 0.0 0.0 0.0

## Face 5
1.0 0.0 0.0 0.0
0.0 1.0 0.0 0.0
0.0 0.0 1.0 0.0
0.0 0.0 0.0 1.0


