# Tetrahedron 1
## Faces 1
0.0
0.0
0.0

## Faces 2
0.9306024042889202
-0.36603164498671614
0.0

## Faces 3
-0.9733436250834021
-0.11467564695930814
0.19862447861219318

## Faces 4
-1.0
0.0
0.0

## Faces 5
-0.9907157152769445
-0.06797513225587375
-0.1177359456499532


# Tetrahedron 2
## Faces 1
0.9415547628499412
-0.33685995391941564
0.0

## Faces 2
0.0
0.0
0.0

## Faces 3
-0.28016045082541996
0.9034622125437776
-0.3244474569152911

## Faces 4
-0.4797542106448579
0.8774029276042618
0.0

## Faces 5
-0.39006678423809293
0.8993004871140594
0.19775372995361823


# Tetrahedron 3
## Faces 1
-0.9770039803145194
-0.10661035859125978
0.1846549590198686

## Faces 2
-0.1714119741374816
0.9239536066641909
-0.34194687870270885

## Faces 3
0.0
0.0
0.0

## Faces 4
0.34651531120195955
0.469021393560419
-0.8123706490791329

## Faces 5
0.19248925303881942
0.1617323588072759
-0.9678793992947634


# Tetrahedron 4
## Faces 1
-1.0
0.0
0.0

## Faces 2
-0.4109194141061269
0.9116716706746335
0.0

## Faces 3
0.3082038543349194
0.4756593933074717
-0.8238680268899065

## Faces 4
0.0
0.0
0.0

## Faces 5
-0.19903886253822128
-0.489997163005543
-0.8486968312925472


# Tetrahedron 5
## Faces 1
-0.9919178133131836
-0.06344119576071844
-0.10988296643448701

## Faces 2
-0.30216950271608684
0.9298148708318622
0.2100902130234541

## Faces 3
0.1364178542910109
0.1605877960050926
-0.9775488370433792

## Faces 4
-0.22090459074866076
-0.48764906912382916
-0.8446298284863194

## Faces 5
0.0
0.0
0.0


