# Tetrahedron 1
1.051548911514423 0.32520011271087795 0.0 0.0
0.32520011271087795 1.0515489115144234 0.0 0.0
0.0 0.0 1.0 0.0
0.0 0.0 0.0 1.0

# Tetrahedron 2
1.4135564699501804 0.9740767259019406 -0.22207301905943233 0.0
0.9740767259019406 1.3931233761286015 -0.08962548090744948 0.0
-0.22207301905943233 -0.08962548090744948 1.0204330938215809 0.0
0.0 0.0 0.0 1.0

# Tetrahedron 3
1.3333751084368721 0.8745146812233305 0.0572564611499046 -0.09917131531086616
0.8745146812233305 1.3277552438568125 0.021458879752954824 -0.0371679507859663
0.0572564611499046 0.021458879752954824 1.0014049615647125 -0.002433470101635464
-0.09917131531086616 -0.0371679507859663 -0.002433470101635464 1.004214903015349

# Tetrahedron 4
1.2935932582067036 0.8205994867643016 0.0 0.0
0.8205994867643016 1.2935932582067042 0.0 0.0
0.0 0.0 1.0 0.0
0.0 0.0 0.0 1.0

# Tetrahedron 5
1.3066929467134845 0.8387566784503537 0.03135966059338237 0.05431632381861853
0.8387566784503537 1.3049876086227328 0.011402958852461051 0.0197504307700114
0.03135966059338237 0.011402958852461051 1.0004263368966957 0.0007384344249454665
0.05431632381861853 0.0197504307700114 0.0007384344249454665 1.0012790011940584

