# Tetrahedron 1
## Face 1
1.0 + 0.0im 0.0 + 0.0im
0.0 + 0.0im 1.0 + 0.0im

## Face 2
0.0 + 0.0im 0.16666666666666663 + 0.4714045207910317im
0.16666666666666663 - 0.4714045207910317im 0.0 + 0.0im

## Face 3
0.23935677693908441 + 0.0im 0.008599562227126992 + 0.4389013338585737im
0.008599562227126992 - 0.4389013338585737im -0.23935677693908441 + 0.0im

## Face 4
0.0 + 0.0im -0.39946754221241265 - 0.3007086342604321im
-0.39946754221241265 + 0.3007086342604321im 0.0 + 0.0im

## Face 5
-0.23935677693908441 + 0.0im 0.008599562227126989 + 0.4389013338585737im
0.008599562227126989 - 0.4389013338585737im 0.23935677693908441 + 0.0im


# Tetrahedron 2
## Face 1
0.0 + 0.0im 0.16666666666666669 + 0.4714045207910317im
0.16666666666666669 - 0.4714045207910317im 0.0 + 0.0im

## Face 2
1.0 + 0.0im 0.0 + 0.0im
0.0 + 0.0im 1.0 + 0.0im

## Face 3
0.408248290463863 + 0.0im -0.16666666666666666 + 0.23570226039551584im
-0.16666666666666666 - 0.23570226039551584im -0.408248290463863 + 0.0im

## Face 4
0.0 + 0.0im -0.5 + 0.0im
-0.5 + 0.0im 0.0 + 0.0im

## Face 5
-0.408248290463863 + 0.0im -0.16666666666666669 + 0.23570226039551584im
-0.16666666666666669 - 0.23570226039551584im 0.408248290463863 + 0.0im


# Tetrahedron 3
## Face 1
0.2604213164068579 + 0.0im -0.008599562227127079 + 0.42673971632649915im
-0.008599562227127079 - 0.42673971632649915im -0.2604213164068579 + 0.0im

## Face 2
0.4082482904638631 + 0.0im -0.1666666666666667 + 0.2357022603955157im
-0.1666666666666667 - 0.2357022603955157im -0.4082482904638631 + 0.0im

## Face 3
1.0 + 0.0im 0.0 + 0.0im
0.0 + 0.0im 1.0 + 0.0im

## Face 4
0.2604213164068578 + 0.0im -0.39946754221241276 + 0.1503543171302159im
-0.39946754221241276 - 0.1503543171302159im -0.2604213164068578 + 0.0im

## Face 5
-0.4997780933459422 + 0.0im 0.00859956222712701 - 0.01216161753207439im
0.00859956222712701 + 0.01216161753207439im 0.4997780933459422 + 0.0im


# Tetrahedron 4
## Face 1
0.0 + 0.0im -0.41666666666666674 - 0.27638539919628324im
-0.41666666666666674 + 0.27638539919628324im 0.0 + 0.0im

## Face 2
0.0 + 0.0im -0.5 + 0.0im
-0.5 + 0.0im 0.0 + 0.0im

## Face 3
0.23935677693908447 + 0.0im -0.41666666666666674 + 0.13819269959814162im
-0.41666666666666674 - 0.13819269959814162im -0.23935677693908447 + 0.0im

## Face 4
1.0 + 0.0im 0.0 + 0.0im
0.0 + 0.0im 1.0 + 0.0im

## Face 5
0.23935677693908447 + 0.0im 0.41666666666666674 - 0.13819269959814162im
0.41666666666666674 + 0.13819269959814162im -0.23935677693908447 + 0.0im


# Tetrahedron 5
## Face 1
-0.2604213164068579 + 0.0im -0.008599562227126788 + 0.4267397163264992im
-0.008599562227126788 - 0.4267397163264992im 0.2604213164068579 + 0.0im

## Face 2
-0.40824829046386324 + 0.0im -0.1666666666666665 + 0.23570226039551562im
-0.1666666666666665 - 0.23570226039551562im 0.40824829046386324 + 0.0im

## Face 3
-0.49977809334594225 + 0.0im -0.008599562227126897 + 0.012161617532074235im
-0.008599562227126897 - 0.012161617532074235im 0.49977809334594225 + 0.0im

## Face 4
0.26042131640685795 + 0.0im 0.39946754221241254 - 0.150354317130216im
0.39946754221241254 + 0.150354317130216im -0.26042131640685795 + 0.0im

## Face 5
1.0 + 0.0im 0.0 + 0.0im
0.0 + 0.0im 1.0 + 0.0im


