# Tetrahedron 1
## Faces 1
0.0 + 0.0im 0.0 + 0.0im
0.0 + 0.0im 0.0 + 0.0im

## Faces 2
0.7071067811865477 + 0.0im -0.7071067811865475 + 0.0im
0.7071067811865475 + 0.0im 0.7071067811865477 + 0.0im

## Faces 3
0.7071067811865476 + 0.0im -0.5 + 0.5im
0.5 + 0.5im 0.7071067811865477 + 0.0im

## Faces 4
0.38268343236508956 + 0.0im 0.0 + 0.9238795325112868im
0.0 + 0.9238795325112868im 0.38268343236508967 + 0.0im

## Faces 5
0.0 + 0.0im -1.0 + 0.0im
1.0 + 0.0im 0.0 + 0.0im


# Tetrahedron 2
## Faces 1
0.7071067811865477 + 0.0im -0.7071067811865475 + 0.0im
0.7071067811865475 + 0.0im 0.7071067811865477 + 0.0im

## Faces 2
0.0 + 0.0im 0.0 + 0.0im
0.0 + 0.0im 0.0 + 0.0im

## Faces 3
0.7071067811865474 + 0.0im -0.534522483824849 + 0.4629100498862756im
0.534522483824849 + 0.46291004988627554im 0.7071067811865476 + 0.0im

## Faces 4
0.38268343236508956 + 0.0im 0.0 + 0.9238795325112868im
0.0 + 0.9238795325112868im 0.38268343236508967 + 0.0im

## Faces 5
0.0 + 0.0im -1.0 + 0.0im
1.0 + 0.0im 0.0 + 0.0im


# Tetrahedron 3
## Faces 1
0.0 + 0.0im 1.0 + 0.0im
1.0 + 0.0im 0.0 + 0.0im

## Faces 2
0.13138204562429528 - 0.13138204562429528im 1.0171147839967958 + 0.0im
1.0171147839967958 + 0.0im 0.13138204562429528 + 0.13138204562429528im

## Faces 3
0.0 + 0.0im 0.0 + 0.0im
0.0 + 0.0im 0.0 + 0.0im

## Faces 4
0.5406250962371618 - 0.4557680389392824im 0.5406250962371618 + 0.4557680389392824im
0.5406250962371618 - 0.4557680389392824im -0.5406250962371618 - 0.4557680389392824im

## Faces 5
0.6532814824381882 - 0.2705980500730985im 0.6532814824381882 + 0.2705980500730985im
0.6532814824381882 - 0.2705980500730985im -0.6532814824381882 - 0.2705980500730985im


# Tetrahedron 4
## Faces 1
1.0 + 0.0im 0.0 + 0.0im
0.0 + 0.0im 1.0 + 0.0im

## Faces 2
1.0379548493020423 + 0.0im 0.2781191636504498 + 0.0im
0.2781191636504498 + 0.0im 1.0379548493020423 + 0.0im

## Faces 3
0.6279630301995544 + 0.32505758367186804im 0.6279630301995544 - 0.32505758367186804im
0.6279630301995544 + 0.32505758367186804im -0.6279630301995544 + 0.32505758367186804im

## Faces 4
0.0 + 0.0im 0.0 + 0.0im
0.0 + 0.0im 0.0 + 0.0im

## Faces 5
0.7071067811865475 + 0.0im 0.7071067811865475 + 0.0im
0.7071067811865475 + 0.0im -0.7071067811865475 + 0.0im


# Tetrahedron 5
## Faces 1
0.0 + 0.0im 1.0 + 0.0im
1.0 + 0.0im 0.0 + 0.0im

## Faces 2
0.27811916365045003 + 0.0im 1.0379548493020423 + 0.0im
1.0379548493020423 + 0.0im 0.27811916365045003 + 0.0im

## Faces 3
0.6532814824381882 - 0.2705980500730986im 0.6532814824381882 + 0.2705980500730986im
0.6532814824381882 - 0.2705980500730986im -0.6532814824381882 - 0.2705980500730986im

## Faces 4
0.7071067811865475 + 0.0im 0.7071067811865475 + 0.0im
0.7071067811865475 + 0.0im -0.7071067811865475 + 0.0im

## Faces 5
0.0 + 0.0im 0.0 + 0.0im
0.0 + 0.0im 0.0 + 0.0im


