# Tetrahedron 1
## Face 1
0.0 + 0.0im 0.0 + 0.0im
0.0 + 0.0im 0.0 + 0.0im

## Face 2
0.7071067811865476 + 0.0im -0.23570226039551578 - 0.6666666666666666im
0.23570226039551578 - 0.6666666666666666im 0.7071067811865476 + 0.0im

## Face 3
0.8598585796159065 + 0.0im -0.010001135571582439 - 0.5104343252056963im
0.010001135571582437 - 0.5104343252056963im 0.8598585796159066 + 0.0im

## Face 4
0.7071067811865476 + 0.0im 0.5649324159246408 + 0.4252662288937938im
-0.5649324159246408 + 0.4252662288937938im 0.7071067811865476 + 0.0im

## Face 5
0.5105322938472311 + 0.0im -0.016844306091438502 - 0.8596935769746im
0.016844306091438502 - 0.8596935769745999im 0.5105322938472311 + 0.0im


# Tetrahedron 2
## Face 1
0.7071067811865476 + 0.0im -0.2357022603955159 - 0.6666666666666666im
0.23570226039551587 - 0.6666666666666666im 0.7071067811865477 + 0.0im

## Face 2
0.0 + 0.0im 0.0 + 0.0im
0.0 + 0.0im 0.0 + 0.0im

## Face 3
0.9530206138714226 + 0.0im 0.17488254109176346 - 0.247321261434242im
-0.17488254109176343 - 0.24732126143424196im 0.9530206138714225 + 0.0im

## Face 4
0.7071067811865477 + 0.0im 0.7071067811865475 + 0.0im
-0.7071067811865475 + 0.0im 0.7071067811865477 + 0.0im

## Face 5
0.3029054465276864 + 0.0im 0.5502267079619282 - 0.778138072779659im
-0.5502267079619283 - 0.778138072779659im 0.3029054465276864 + 0.0im


# Tetrahedron 3
## Face 1
0.8720213967597688 + 0.0im 0.009861641307290253 - 0.4893684007206313im
-0.009861641307290251 - 0.48936840072063126im 0.8720213967597689 + 0.0im

## Face 2
0.9530206138714226 + 0.0im 0.17488254109176352 - 0.24732126143424177im
-0.1748825410917635 - 0.24732126143424174im 0.9530206138714225 + 0.0im

## Face 3
0.0 + 0.0im 0.0 + 0.0im
0.0 + 0.0im 0.0 + 0.0im

## Face 4
0.8720213967597686 + 0.0im 0.458093739094869 - 0.17242044482956267im
-0.45809373909486895 - 0.17242044482956267im 0.8720213967597689 + 0.0im

## Face 5
0.014896531611680815 + 0.0im -0.5772862067022281 + 0.8164059828892084im
0.5772862067022281 + 0.8164059828892084im 0.014896531611680896 + 0.0im


# Tetrahedron 4
## Face 1
0.7071067811865476 + 0.0im 0.5892556509887896 + 0.3908679799852856im
-0.5892556509887897 + 0.39086797998528566im 0.7071067811865476 + 0.0im

## Face 2
0.7071067811865477 + 0.0im 0.7071067811865475 + 0.0im
-0.7071067811865475 + 0.0im 0.7071067811865477 + 0.0im

## Face 3
0.8598585796159067 + 0.0im 0.4845758087949637 - 0.16071561402558945im
-0.48457580879496376 - 0.16071561402558945im 0.8598585796159067 + 0.0im

## Face 4
0.0 + 0.0im 0.0 + 0.0im
0.0 + 0.0im 0.0 + 0.0im

## Face 5
0.8598585796159067 + 0.0im -0.4845758087949637 + 0.16071561402558945im
0.48457580879496376 + 0.16071561402558945im 0.8598585796159067 + 0.0im


# Tetrahedron 5
## Face 1
0.48946775541718984 + 0.0im 0.0175692109070537 - 0.8718443893464942im
-0.017569210907053698 - 0.8718443893464942im 0.4894677554171898 + 0.0im

## Face 2
0.3029054465276858 + 0.0im 0.5502267079619282 - 0.7781380727796593im
-0.5502267079619283 - 0.7781380727796593im 0.3029054465276857 + 0.0im

## Face 3
0.014896531611678997 + 0.0im 0.5772862067022281 - 0.8164059828892086im
-0.5772862067022281 - 0.8164059828892086im 0.014896531611678906 + 0.0im

## Face 4
0.8720213967597688 + 0.0im -0.4580937390948688 + 0.17242044482956279im
0.4580937390948688 + 0.17242044482956279im 0.8720213967597689 + 0.0im

## Face 5
0.0 + 0.0im 0.0 + 0.0im
0.0 + 0.0im 0.0 + 0.0im


