# Tetrahedron 1
## Face 1
1.0 0.0 0.0 0.0
0.0 1.0 0.0 0.0
0.0 0.0 1.0 0.0
0.0 0.0 0.0 1.0

## Face 2
-0.0 1.666666666666666 -4.714045207910316 0.0
1.666666666666666 0.0 0.0 0.0
-4.714045207910316 0.0 0.0 0.0
-0.0 0.0 0.0 0.0

## Face 3
-0.0 0.034398248908507956 -1.7556053354342942 0.9574271077563373
0.034398248908507956 0.0 0.0 0.0
-1.7556053354342942 0.0 0.0 0.0
0.9574271077563373 0.0 0.0 0.0

## Face 4
-0.0 -1.5978701688496502 1.202834537041728 0.0
-1.5978701688496502 0.0 0.0 0.0
1.202834537041728 0.0 0.0 0.0
-0.0 0.0 0.0 0.0

## Face 5
-0.0 0.03439824890850794 -1.7556053354342942 -0.9574271077563373
0.03439824890850794 0.0 0.0 0.0
-1.7556053354342942 0.0 0.0 0.0
-0.9574271077563373 0.0 0.0 0.0


# Tetrahedron 2
## Face 1
-0.0 1.6666666666666667 -4.714045207910317 0.0
1.6666666666666667 0.0 0.0 0.0
-4.714045207910317 0.0 0.0 0.0
-0.0 0.0 0.0 0.0

## Face 2
1.0 0.0 0.0 0.0
0.0 1.0 0.0 0.0
0.0 0.0 1.0 0.0
0.0 0.0 0.0 1.0

## Face 3
-0.0 -1.6666666666666665 -2.3570226039551585 4.08248290463863
-1.6666666666666665 0.0 0.0 0.0
-2.3570226039551585 0.0 0.0 0.0
4.08248290463863 0.0 0.0 0.0

## Face 4
-0.0 -5.0 0.0 0.0
-5.0 0.0 0.0 0.0
-0.0 0.0 0.0 0.0
-0.0 0.0 0.0 0.0

## Face 5
-0.0 -1.666666666666667 -2.3570226039551585 -4.08248290463863
-1.666666666666667 0.0 0.0 0.0
-2.3570226039551585 0.0 0.0 0.0
-4.08248290463863 0.0 0.0 0.0


# Tetrahedron 3
## Face 1
-0.0 -0.03439824890850829 -1.706958865305995 1.0416852656274307
-0.03439824890850829 0.0 0.0 0.0
-1.706958865305995 0.0 0.0 0.0
1.0416852656274307 0.0 0.0 0.0

## Face 2
-0.0 -1.6666666666666665 -2.3570226039551563 4.0824829046386295
-1.6666666666666665 0.0 0.0 0.0
-2.3570226039551563 0.0 0.0 0.0
4.0824829046386295 0.0 0.0 0.0

## Face 3
1.0 0.0 0.0 0.0
0.0 1.0 0.0 0.0
0.0 0.0 1.0 0.0
0.0 0.0 0.0 1.0

## Face 4
-0.0 -1.5978701688496502 -0.6014172685208633 1.0416852656274305
-1.5978701688496502 0.0 0.0 0.0
-0.6014172685208633 0.0 0.0 0.0
1.0416852656274305 0.0 0.0 0.0

## Face 5
-0.0 0.03439824890850803 0.04864647012829754 -1.9991123733837683
0.03439824890850803 0.0 0.0 0.0
0.04864647012829754 0.0 0.0 0.0
-1.9991123733837683 0.0 0.0 0.0


# Tetrahedron 4
## Face 1
-0.0 -1.6666666666666667 1.1055415967851328 0.0
-1.6666666666666667 0.0 0.0 0.0
1.1055415967851328 0.0 0.0 0.0
-0.0 0.0 0.0 0.0

## Face 2
-0.0 -5.0 0.0 0.0
-5.0 0.0 0.0 0.0
-0.0 0.0 0.0 0.0
-0.0 0.0 0.0 0.0

## Face 3
-0.0 -1.6666666666666665 -0.5527707983925664 0.9574271077563377
-1.6666666666666665 0.0 0.0 0.0
-0.5527707983925664 0.0 0.0 0.0
0.9574271077563377 0.0 0.0 0.0

## Face 4
1.0 0.0 0.0 0.0
0.0 1.0 0.0 0.0
0.0 0.0 1.0 0.0
0.0 0.0 0.0 1.0

## Face 5
-0.0 1.6666666666666665 0.5527707983925664 0.9574271077563377
1.6666666666666665 0.0 0.0 0.0
0.5527707983925664 0.0 0.0 0.0
0.9574271077563377 0.0 0.0 0.0


# Tetrahedron 5
## Face 1
-0.0 -0.034398248908507144 -1.7069588653059964 -1.0416852656274314
-0.034398248908507144 0.0 0.0 0.0
-1.7069588653059964 0.0 0.0 0.0
-1.0416852656274314 0.0 0.0 0.0

## Face 2
-0.0 -1.6666666666666652 -2.3570226039551567 -4.082482904638633
-1.6666666666666652 0.0 0.0 0.0
-2.3570226039551567 0.0 0.0 0.0
-4.082482904638633 0.0 0.0 0.0

## Face 3
-0.0 -0.034398248908507595 -0.048646470128296954 -1.9991123733837695
-0.034398248908507595 0.0 0.0 0.0
-0.048646470128296954 0.0 0.0 0.0
-1.9991123733837695 0.0 0.0 0.0

## Face 4
-0.0 1.5978701688496502 0.601417268520864 1.0416852656274318
1.5978701688496502 0.0 0.0 0.0
0.601417268520864 0.0 0.0 0.0
1.0416852656274318 0.0 0.0 0.0

## Face 5
1.0 0.0 0.0 0.0
0.0 1.0 0.0 0.0
0.0 0.0 1.0 0.0
0.0 0.0 0.0 1.0


