# Tetrahedron 1
## Faces 1
0.0
0.0
0.0

## Faces 2
-0.33333333333333326
0.9428090415820634
-0.0

## Faces 3
0.017199124454253985
-0.8778026677171474
0.47871355387816883

## Faces 4
0.7989350844248253
-0.6014172685208642
-0.0

## Faces 5
0.017199124454253964
-0.8778026677171474
-0.47871355387816883


# Tetrahedron 2
## Faces 1
-0.33333333333333337
0.9428090415820634
-0.0

## Faces 2
0.0
0.0
0.0

## Faces 3
-0.3333333333333333
-0.4714045207910317
0.816496580927726

## Faces 4
1.0
-0.0
0.0

## Faces 5
-0.33333333333333337
-0.4714045207910317
-0.816496580927726


# Tetrahedron 3
## Faces 1
0.017199124454254158
0.8534794326529983
-0.5208426328137158

## Faces 2
-0.3333333333333334
-0.4714045207910315
0.8164965809277261

## Faces 3
0.0
0.0
0.0

## Faces 4
0.7989350844248254
0.30070863426043193
-0.5208426328137156

## Faces 5
0.017199124454254085
0.024323235064148872
-0.9995561866918844


# Tetrahedron 4
## Faces 1
-0.8333333333333335
0.5527707983925665
0.0

## Faces 2
1.0
-0.0
0.0

## Faces 3
-0.8333333333333335
-0.27638539919628324
0.47871355387816894

## Faces 4
0.0
0.0
0.0

## Faces 5
-0.8333333333333335
-0.27638539919628324
-0.47871355387816894


# Tetrahedron 5
## Faces 1
0.017199124454253614
0.8534794326529984
0.5208426328137159

## Faces 2
-0.33333333333333304
-0.47140452079103135
-0.8164965809277264

## Faces 3
0.017199124454253853
0.024323235064148553
0.9995561866918845

## Faces 4
0.7989350844248254
0.3007086342604316
0.5208426328137158

## Faces 5
0.0
0.0
0.0


