# Tetrahedron 1
## Face 1
1.0 0.0 0.0 0.0
0.0 1.0 0.0 0.0
0.0 0.0 1.0 0.0
0.0 0.0 0.0 1.0

## Face 2
-0.0 -1.6666666666666667 1.1055415967851328 0.0
-1.6666666666666667 0.0 0.0 0.0
1.1055415967851328 0.0 0.0 0.0
-0.0 0.0 0.0 0.0

## Face 3
-0.0 -5.0 0.0 0.0
-5.0 0.0 0.0 0.0
-0.0 0.0 0.0 0.0
-0.0 0.0 0.0 0.0

## Face 4
-0.0 -1.6666666666666665 -0.5527707983925664 0.9574271077563377
-1.6666666666666665 0.0 0.0 0.0
-0.5527707983925664 0.0 0.0 0.0
0.9574271077563377 0.0 0.0 0.0

## Face 5
-0.0 1.6666666666666665 0.5527707983925664 0.9574271077563377
1.6666666666666665 0.0 0.0 0.0
0.5527707983925664 0.0 0.0 0.0
0.9574271077563377 0.0 0.0 0.0


# Tetrahedron 2
## Face 1
-0.0 -1.6644059756009952 1.1089421754012674 0.0
-1.6644059756009952 0.0 0.0 0.0
1.1089421754012674 0.0 0.0 0.0
-0.0 0.0 0.0 0.0

## Face 2
1.0 0.0 0.0 0.0
0.0 1.0 0.0 0.0
0.0 0.0 1.0 0.0
0.0 0.0 0.0 1.0

## Face 3
-0.0 -1.6751168067130977 -4.401666575241117 0.0
-1.6751168067130977 0.0 0.0 0.0
-4.401666575241117 0.0 0.0 0.0
-0.0 0.0 0.0 0.0

## Face 4
-0.0 -0.005355415556051235 -2.755304375321192 1.5906752479759905
-0.005355415556051235 0.0 0.0 0.0
-2.755304375321192 0.0 0.0 0.0
1.5906752479759905 0.0 0.0 0.0

## Face 5
-0.0 0.005355415556051235 2.755304375321192 1.5906752479759905
0.005355415556051235 0.0 0.0 0.0
2.755304375321192 0.0 0.0 0.0
1.5906752479759905 0.0 0.0 0.0


# Tetrahedron 3
## Face 1
-0.0 -5.0 0.0 0.0
-5.0 0.0 0.0 0.0
-0.0 0.0 0.0 0.0
-0.0 0.0 0.0 0.0

## Face 2
-0.0 -1.6666666666666667 -4.404873117122644 0.0
-1.6666666666666667 0.0 0.0 0.0
-4.404873117122644 0.0 0.0 0.0
-0.0 0.0 0.0 0.0

## Face 3
1.0 0.0 0.0 0.0
0.0 1.0 0.0 0.0
0.0 0.0 1.0 0.0
0.0 0.0 0.0 1.0

## Face 4
-0.0 1.6666666666666665 -2.202436558561322 3.814732019875357
1.6666666666666665 0.0 0.0 0.0
-2.202436558561322 0.0 0.0 0.0
3.814732019875357 0.0 0.0 0.0

## Face 5
-0.0 -1.6666666666666665 2.202436558561322 3.814732019875357
-1.6666666666666665 0.0 0.0 0.0
2.202436558561322 0.0 0.0 0.0
3.814732019875357 0.0 0.0 0.0


# Tetrahedron 4
## Face 1
-0.0 -1.664405975600996 -0.5544710877006334 0.9603720952254765
-1.664405975600996 0.0 0.0 0.0
-0.5544710877006334 0.0 0.0 0.0
0.9603720952254765 0.0 0.0 0.0

## Face 2
-0.0 0.005355415556051235 -2.755217361578914 1.5908259601985697
0.005355415556051235 0.0 0.0 0.0
-2.755217361578914 0.0 0.0 0.0
1.5908259601985697 0.0 0.0 0.0

## Face 3
-0.0 1.6751168067130988 -2.2008332876205565 3.8119550731476544
1.6751168067130988 0.0 0.0 0.0
-2.2008332876205565 0.0 0.0 0.0
3.8119550731476544 0.0 0.0 0.0

## Face 4
1.0 0.0 0.0 0.0
0.0 1.0 0.0 0.0
0.0 0.0 1.0 0.0
0.0 0.0 0.0 1.0

## Face 5
-0.0 0.0053554155560514415 -8.70137422757317e-5 3.1815012081745615
0.0053554155560514415 0.0 0.0 0.0
-8.70137422757317e-5 0.0 0.0 0.0
3.1815012081745615 0.0 0.0 0.0


# Tetrahedron 5
## Face 1
-0.0 1.664405975600996 0.5544710877006334 0.9603720952254765
1.664405975600996 0.0 0.0 0.0
0.5544710877006334 0.0 0.0 0.0
0.9603720952254765 0.0 0.0 0.0

## Face 2
-0.0 -0.005355415556051235 2.755217361578914 1.5908259601985697
-0.005355415556051235 0.0 0.0 0.0
2.755217361578914 0.0 0.0 0.0
1.5908259601985697 0.0 0.0 0.0

## Face 3
-0.0 -1.6751168067130988 2.2008332876205565 3.8119550731476544
-1.6751168067130988 0.0 0.0 0.0
2.2008332876205565 0.0 0.0 0.0
3.8119550731476544 0.0 0.0 0.0

## Face 4
-0.0 -0.0053554155560514415 8.70137422757317e-5 3.1815012081745615
-0.0053554155560514415 0.0 0.0 0.0
8.70137422757317e-5 0.0 0.0 0.0
3.1815012081745615 0.0 0.0 0.0

## Face 5
1.0 0.0 0.0 0.0
0.0 1.0 0.0 0.0
0.0 0.0 1.0 0.0
0.0 0.0 0.0 1.0


