# Tetrahedron 1
## Face 1
0.0 + 0.0im 0.0 + 0.0im
0.0 + 0.0im 0.0 + 0.0im

## Face 2
0.7071067811865476 + 0.0im 0.5892556509887896 + 0.3908679799852856im
-0.5892556509887897 + 0.39086797998528566im 0.7071067811865476 + 0.0im

## Face 3
0.7071067811865477 + 0.0im 0.7071067811865475 + 0.0im
-0.7071067811865475 + 0.0im 0.7071067811865477 + 0.0im

## Face 4
0.8598585796159067 + 0.0im 0.4845758087949637 - 0.16071561402558945im
-0.48457580879496376 - 0.16071561402558945im 0.8598585796159067 + 0.0im

## Face 5
0.8598585796159067 + 0.0im -0.4845758087949637 + 0.16071561402558945im
0.48457580879496376 + 0.16071561402558945im 0.8598585796159067 + 0.0im


# Tetrahedron 2
## Face 1
0.7071067811865476 + 0.0im 0.5884563759974378 + 0.3920702660849992im
-0.5884563759974378 + 0.3920702660849991im 0.7071067811865475 + 0.0im

## Face 2
0.0 + 0.0im 0.0 + 0.0im
0.0 + 0.0im 0.0 + 0.0im

## Face 3
0.7071067811865474 + 0.0im 0.25150268246173335 - 0.6608679147261975im
-0.2515026824617334 - 0.6608679147261974im 0.7071067811865475 + 0.0im

## Face 4
0.8660183617470074 + 0.0im 0.000971859248552155 - 0.5000112524800121im
-0.000971859248552155 - 0.5000112524800122im 0.8660183617470073 + 0.0im

## Face 5
0.8660183617470074 + 0.0im -0.000971859248552155 + 0.5000112524800121im
0.000971859248552155 + 0.5000112524800122im 0.8660183617470073 + 0.0im


# Tetrahedron 3
## Face 1
0.7071067811865477 + 0.0im 0.7071067811865475 + 0.0im
-0.7071067811865475 + 0.0im 0.7071067811865477 + 0.0im

## Face 2
0.7071067811865475 + 0.0im 0.25023397518094087 - 0.6613493461591569im
-0.25023397518094087 - 0.6613493461591569im 0.7071067811865476 + 0.0im

## Face 3
0.0 + 0.0im 0.0 + 0.0im
0.0 + 0.0im 0.0 + 0.0im

## Face 4
0.9513107325965077 + 0.0im -0.18599825973871195 - 0.2457896202463942im
0.18599825973871195 - 0.24578962024639417im 0.9513107325965076 + 0.0im

## Face 5
0.9513107325965077 + 0.0im 0.18599825973871195 + 0.2457896202463942im
-0.18599825973871195 + 0.24578962024639417im 0.9513107325965076 + 0.0im


# Tetrahedron 4
## Face 1
0.8602865939943324 + 0.0im 0.4836777613472731 - 0.16112975942302268im
-0.4836777613472731 - 0.16112975942302268im 0.8602865939943325 + 0.0im

## Face 2
0.8660320366812332 + 0.0im -0.0009718439025710169 - 0.4999875668066im
0.0009718439025710167 - 0.4999875668066im 0.8660320366812331 + 0.0im

## Face 3
0.9511557677973057 + 0.0im -0.1869717435106768 - 0.2456507124241562im
0.1869717435106768 - 0.2456507124241562im 0.9511557677973058 + 0.0im

## Face 4
0.0 + 0.0im 0.0 + 0.0im
0.0 + 0.0im 0.0 + 0.0im

## Face 5
0.9999996457205448 + 0.0im -0.0008416482524703428 - 1.3674935840323597e-5im
0.0008416482524703429 - 1.3674935840323597e-5im 0.9999996457205448 + 0.0im


# Tetrahedron 5
## Face 1
0.8602865939943324 + 0.0im -0.4836777613472731 + 0.16112975942302268im
0.4836777613472731 + 0.16112975942302268im 0.8602865939943325 + 0.0im

## Face 2
0.8660320366812332 + 0.0im 0.0009718439025710169 + 0.4999875668066im
-0.0009718439025710167 + 0.4999875668066im 0.8660320366812331 + 0.0im

## Face 3
0.9511557677973057 + 0.0im 0.1869717435106768 + 0.2456507124241562im
-0.1869717435106768 + 0.2456507124241562im 0.9511557677973058 + 0.0im

## Face 4
0.9999996457205448 + 0.0im 0.0008416482524703428 + 1.3674935840323597e-5im
-0.0008416482524703429 + 1.3674935840323597e-5im 0.9999996457205448 + 0.0im

## Face 5
0.0 + 0.0im 0.0 + 0.0im
0.0 + 0.0im 0.0 + 0.0im


