# Tetrahedron 1
## Face 1
1.0 + 0.0im 0.0 + 0.0im
0.0 + 0.0im 1.0 + 0.0im

## Face 2
0.0 + 0.0im -0.41666666666666674 - 0.27638539919628324im
-0.41666666666666674 + 0.27638539919628324im 0.0 + 0.0im

## Face 3
0.0 + 0.0im -0.5 + 0.0im
-0.5 + 0.0im 0.0 + 0.0im

## Face 4
0.23935677693908447 + 0.0im -0.41666666666666674 + 0.13819269959814162im
-0.41666666666666674 - 0.13819269959814162im -0.23935677693908447 + 0.0im

## Face 5
0.23935677693908447 + 0.0im 0.41666666666666674 - 0.13819269959814162im
0.41666666666666674 + 0.13819269959814162im -0.23935677693908447 + 0.0im


# Tetrahedron 2
## Face 1
0.0 + 0.0im -0.41610149390024903 - 0.277235543850317im
-0.41610149390024903 + 0.277235543850317im 0.0 + 0.0im

## Face 2
1.0 + 0.0im 0.0 + 0.0im
0.0 + 0.0im 1.0 + 0.0im

## Face 3
0.0 + 0.0im -0.17783925225529862 + 0.4673041839715073im
-0.17783925225529862 - 0.4673041839715073im 0.0 + 0.0im

## Face 4
0.24998780288297048 + 0.0im -0.000841647954279815 + 0.4330189257278095im
-0.000841647954279815 - 0.4330189257278095im -0.24998780288297048 + 0.0im

## Face 5
0.24998780288297048 + 0.0im 0.000841647954279815 - 0.4330189257278095im
0.000841647954279815 + 0.4330189257278095im -0.24998780288297048 + 0.0im


# Tetrahedron 3
## Face 1
0.0 + 0.0im -0.5 + 0.0im
-0.5 + 0.0im 0.0 + 0.0im

## Face 2
0.0 + 0.0im -0.1769421407337095 + 0.4676446074024292im
-0.1769421407337095 - 0.4676446074024292im 0.0 + 0.0im

## Face 3
1.0 + 0.0im 0.0 + 0.0im
0.0 + 0.0im 1.0 + 0.0im

## Face 4
0.40499210995330404 + 0.0im 0.1769421407337095 + 0.2338223037012146im
0.1769421407337095 - 0.2338223037012146im -0.40499210995330404 + 0.0im

## Face 5
0.40499210995330404 + 0.0im -0.1769421407337095 - 0.2338223037012146im
-0.1769421407337095 + 0.2338223037012146im -0.40499210995330404 + 0.0im


# Tetrahedron 4
## Face 1
0.2400930238063692 + 0.0im -0.4161014939002491 + 0.1386177719251584im
-0.4161014939002491 - 0.1386177719251584im -0.2400930238063692 + 0.0im

## Face 2
0.25001148855824473 + 0.0im 0.0008416479542798155 + 0.4330052507968139im
0.0008416479542798155 - 0.4330052507968139im -0.25001148855824473 + 0.0im

## Face 3
0.4046972946140822 + 0.0im 0.17783925225529876 + 0.2336520919857535im
0.17783925225529876 - 0.2336520919857535im -0.4046972946140822 + 0.0im

## Face 4
1.0 + 0.0im 0.0 + 0.0im
0.0 + 0.0im 1.0 + 0.0im

## Face 5
0.49999929144121524 + 0.0im 0.0008416479542798474 + 1.3674930995382872e-5im
0.0008416479542798474 - 1.3674930995382872e-5im -0.49999929144121524 + 0.0im


# Tetrahedron 5
## Face 1
0.2400930238063692 + 0.0im 0.4161014939002491 - 0.1386177719251584im
0.4161014939002491 + 0.1386177719251584im -0.2400930238063692 + 0.0im

## Face 2
0.25001148855824473 + 0.0im -0.0008416479542798155 - 0.4330052507968139im
-0.0008416479542798155 + 0.4330052507968139im -0.25001148855824473 + 0.0im

## Face 3
0.4046972946140822 + 0.0im -0.17783925225529876 - 0.2336520919857535im
-0.17783925225529876 + 0.2336520919857535im -0.4046972946140822 + 0.0im

## Face 4
0.49999929144121524 + 0.0im -0.0008416479542798474 - 1.3674930995382872e-5im
-0.0008416479542798474 + 1.3674930995382872e-5im -0.49999929144121524 + 0.0im

## Face 5
1.0 + 0.0im 0.0 + 0.0im
0.0 + 0.0im 1.0 + 0.0im


