# Tetrahedron 1
## Faces 1
0.0 + 0.0im 0.0 + 0.0im
0.0 + 0.0im 0.0 + 0.0im

## Faces 2
0.7071067811865476 + 0.0im -0.5892556733652126 + 0.39086794625155685im
0.5892556733652126 + 0.39086794625155685im 0.7071067811865476 + 0.0im

## Faces 3
0.7071067811865477 + 0.0im -0.7071067811865475 + 0.0im
0.7071067811865475 + 0.0im 0.7071067811865477 + 0.0im

## Faces 4
0.8598588993144286 + 0.0im -0.4845752547356732 - 0.16071557412907056im
0.4845752547356732 - 0.16071557412907053im 0.8598588993144286 + 0.0im

## Faces 5
0.8598582678566583 + 0.0im 0.4845762641898324 + 0.16071590892743917im
-0.48457626418983246 + 0.16071590892743917im 0.8598582678566582 + 0.0im


# Tetrahedron 2
## Faces 1
0.7071067811865476 + 0.0im -0.5884564294027362 + 0.3920701859292319im
0.5884564294027363 + 0.3920701859292319im 0.7071067811865475 + 0.0im

## Faces 2
0.0 + 0.0im 0.0 + 0.0im
0.0 + 0.0im 0.0 + 0.0im

## Faces 3
0.7071067811865475 + 0.0im -0.25150295545305684 - 0.6608678108354028im
0.25150295545305684 - 0.6608678108354028im 0.7071067811865475 + 0.0im

## Faces 4
0.866018671124739 + 0.0im -0.0009718224288660771 - 0.50001071670966im
0.0009718224288660771 - 0.5000107167096599im 0.866018671124739 + 0.0im

## Faces 5
0.8660180339886195 + 0.0im 0.0009718245736596273 + 0.5000118202237664im
-0.0009718245736596272 + 0.5000118202237666im 0.8660180339886197 + 0.0im


# Tetrahedron 3
## Faces 1
0.7071067811865477 + 0.0im -0.7071067811865475 + 0.0im
0.7071067811865475 + 0.0im 0.7071067811865477 + 0.0im

## Faces 2
0.7071067811865475 + 0.0im -0.2502342944853431 - 0.6613492253442371im
0.2502342944853431 - 0.6613492253442371im 0.7071067811865475 + 0.0im

## Faces 3
0.0 + 0.0im 0.0 + 0.0im
0.0 + 0.0im 0.0 + 0.0im

## Faces 4
0.9513108799959532 + 0.0im 0.18599803717583374 - 0.24578921816886562im
-0.18599803717583374 - 0.24578921816886562im 0.9513108799959532 + 0.0im

## Faces 5
0.9513104491181041 + 0.0im -0.18599883963984898 + 0.24579027859405028im
0.18599883963984898 + 0.24579027859405025im 0.9513104491181041 + 0.0im


# Tetrahedron 4
## Faces 1
0.8602868980299571 + 0.0im -0.4836772392581181 - 0.16112970334993879im
0.48367723925811806 - 0.16112970334993879im 0.8602868980299571 + 0.0im

## Faces 2
0.866032345050435 + 0.0im 0.0009718105178050942 - 0.4999870327426118im
-0.0009718105178050942 - 0.4999870327426118im 0.8660323450504351 + 0.0im

## Faces 3
0.9511559205310772 + 0.0im 0.18697148809403888 - 0.2456503154457158im
-0.18697148809403888 - 0.24565031544571578im 0.9511559205310773 + 0.0im

## Faces 4
0.0 + 0.0im 0.0 + 0.0im
0.0 + 0.0im 0.0 + 0.0im

## Faces 5
0.999999645744375 + 0.0im 0.000841619954112904 - 1.367395732564467e-5im
-0.0008416199541129041 - 1.367395732564467e-5im 0.9999996457443752 + 0.0im


# Tetrahedron 5
## Faces 1
0.8602862649474972 + 0.0im 0.48367825337820797 + 0.16113003925925998im
-0.4836782533782079 + 0.16113003925925998im 0.8602862649474973 + 0.0im

## Faces 2
0.86603170786642 + 0.0im -0.0009718069426049117 + 0.4999881364204938im
0.0009718069426049118 + 0.4999881364204938im 0.8660317078664199 + 0.0im

## Faces 3
0.9511554899002341 + 0.0im -0.18697228639628505 + 0.24565137523000233im
0.18697228639628502 + 0.24565137523000236im 0.951155489900234 + 0.0im

## Faces 4
0.9999996457485455 + 0.0im -0.0008416150003814776 + 1.3673876841439712e-5im
0.0008416150003814774 + 1.367387684143971e-5im 0.9999996457485454 + 0.0im

## Faces 5
0.0 + 0.0im 0.0 + 0.0im
0.0 + 0.0im 0.0 + 0.0im


