# Tetrahedron 1
## Faces 1
0.0
0.0
0.0

## Faces 2
-0.8333333649783741
0.5527707506858696
0.0

## Faces 3
-1.0
0.0
0.0

## Faces 4
-0.8333326903440496
-0.2763854333466181
0.4787146534604413

## Faces 5
0.8333338143414397
0.27638580613471264
0.4787124816029054


# Tetrahedron 2
## Faces 1
-0.8322030633269953
0.5544709743432606
0.0

## Faces 2
0.0
0.0
0.0

## Faces 3
-0.3556788905786294
-0.9346082210192436
0.0

## Faces 4
-0.0016832327368316324
-0.8660372328660563
0.49997667747331764

## Faces 5
0.0016832352133250778
0.8660385070425147
0.4999744703870276


# Tetrahedron 3
## Faces 1
-1.0
0.0
0.0

## Faces 2
-0.3538847330320352
-0.9352890439467604
0.0

## Faces 3
0.0
0.0
0.0

## Faces 4
0.353883912846525
-0.467643914859482
0.8099847807973498

## Faces 5
-0.3538852793464619
0.46764572063633975
0.8099831412025779


# Tetrahedron 4
## Faces 1
-0.8322023836181196
-0.277235545350812
0.4801870938440119

## Faces 2
0.0016832386833588462
-0.8660098849217854
0.5000240453471118

## Faces 3
0.355678075742302
-0.4673035038330388
0.809395170322642

## Faces 4
0.0
0.0
0.0

## Faces 5
0.0016832393118883689
-2.7347904962483054e-5
0.9999985829777515


# Tetrahedron 5
## Faces 1
0.8322035160701354
0.27723591929038477
0.48018491531463087

## Faces 2
-0.0016832312524411514
0.8660111593943776
0.500021838060056

## Faces 3
-0.3556794333300507
0.4673053083031181
0.8093935319347083

## Faces 4
-0.0016832294044751364
2.7347743994879343e-5
0.9999985829944325

## Faces 5
0.0
0.0
0.0


