# Tetrahedron 1
## Faces 1
0.0
0.0
0.0

## Faces 2
-0.8333333333333335
0.5527707983925665
0.0

## Faces 3
1.0
-0.0
0.0

## Faces 4
-0.8333333333333335
-0.27638539919628324
0.47871355387816894

## Faces 5
-0.8333333333333335
-0.27638539919628324
-0.47871355387816894


# Tetrahedron 2
## Faces 1
-0.8322029878004981
0.554471087700634
0.0

## Faces 2
0.0
0.0
0.0

## Faces 3
0.35567850451059724
0.9346083679430146
0.0

## Faces 4
-0.00168329590855963
-0.866037851455619
0.49997560576594097

## Faces 5
-0.00168329590855963
-0.866037851455619
-0.49997560576594097


# Tetrahedron 3
## Faces 1
-1.0
0.0
-0.0

## Faces 2
0.353884281467419
0.9352892148048584
0.0

## Faces 3
0.0
0.0
0.0

## Faces 4
0.353884281467419
-0.4676446074024292
0.8099842199066081

## Faces 5
0.353884281467419
-0.4676446074024292
-0.8099842199066081


# Tetrahedron 4
## Faces 1
-0.8322029878004982
-0.27723554385031673
0.48018604761273836

## Faces 2
-0.001683295908559631
0.8660105015936278
-0.5000229771164895

## Faces 3
0.3556785045105975
-0.467304183971507
0.8093945892281644

## Faces 4
0.0
0.0
0.0

## Faces 5
-0.0016832959085597145
2.7349861990785037e-5
-0.9999985828824305


# Tetrahedron 5
## Faces 1
-0.8322029878004982
-0.27723554385031673
-0.48018604761273836

## Faces 2
-0.001683295908559631
0.8660105015936278
0.5000229771164895

## Faces 3
0.3556785045105975
-0.467304183971507
-0.8093945892281644

## Faces 4
-0.0016832959085597145
2.7349861990785037e-5
0.9999985828824305

## Faces 5
0.0
0.0
0.0


