# Tetrahedron 1
1.066003477025989 0.36927417054472905 0.0 0.0
0.36927417054472905 1.066003477025989 0.0 0.0
0.0 0.0 1.0 0.0
0.0 0.0 0.0 1.0

# Tetrahedron 2
1.0598805260622801 0.3510222603675067 0.011406237440196925 0.0
0.3510222603675067 1.0598173659659078 0.0019437259578351483 0.0
0.011406237440196925 0.0019437259578351483 1.0000631600963734 0.0
0.0 0.0 0.0 1.0

# Tetrahedron 3
1.0583067203925993 0.3464290900431708 0.0 0.0
0.3464290900431708 1.0583067203925998 0.0 0.0
0.0 0.0 1.0 0.0
0.0 0.0 0.0 1.0

# Tetrahedron 4
1.0598805264276236 0.3510222604885046 -0.0057031245359788225 0.009878122927190782
0.3510222604885046 1.0598173659965364 -0.0009718639701588629 0.00168332143286936
-0.0057031245359788225 -0.0009718639701588629 1.000015790056295 -2.7349239197470667e-5
0.009878122927190782 0.00168332143286936 -2.7349239197470667e-5 1.0000473703747927

# Tetrahedron 5
1.0598805258189306 0.3510222602869115 -0.005703124532703404 -0.009878064782422976
0.3510222602869115 1.0598173659455064 -0.0009718639693296841 -0.0016833115240060398
-0.005703124532703404 -0.0009718639693296841 1.0000157900562814 2.7349078206306528e-5
-0.009878064782422976 -0.0016833115240060398 2.7349078206306528e-5 1.0000473698171444

