# Tetrahedron 1
## Face 1
1.0 + 0.0im 0.0 + 0.0im
0.0 + 0.0im 1.0 + 0.0im

## Face 2
0.0 + 0.0im 0.4664509672937681 + 0.18006525236899001im
0.4664509672937681 - 0.18006525236899001im 0.0 + 0.0im

## Face 3
-0.1053753081169054 + 0.0im -0.305754633773523 - 0.38132682618101504im
-0.305754633773523 + 0.38132682618101504im 0.1053753081169054 + 0.0im

## Face 4
0.0 + 0.0im -0.41863835056899895 - 0.27338970615747027im
-0.41863835056899895 + 0.27338970615747027im 0.0 + 0.0im

## Face 5
0.04663955496442846 + 0.0im -0.37617609396390644 - 0.32606180126285617im
-0.37617609396390644 + 0.32606180126285617im -0.04663955496442846 + 0.0im


# Tetrahedron 2
## Face 1
0.0 + 0.0im 0.4707773814249706 + 0.16842997695970785im
0.4707773814249706 - 0.16842997695970785im 0.0 + 0.0im

## Face 2
1.0 + 0.0im 0.0 + 0.0im
0.0 + 0.0im 1.0 + 0.0im

## Face 3
-0.16222372845764552 + 0.0im -0.14008022541270998 - 0.4517311062718888im
-0.14008022541270998 + 0.4517311062718888im 0.16222372845764552 + 0.0im

## Face 4
0.0 + 0.0im -0.23987710532242895 - 0.4387014638021309im
-0.23987710532242895 + 0.4387014638021309im 0.0 + 0.0im

## Face 5
0.09887686497680911 + 0.0im -0.19503339211904647 - 0.4496502435570297im
-0.19503339211904647 + 0.4496502435570297im -0.09887686497680911 + 0.0im


# Tetrahedron 3
## Face 1
-0.08886699033179267 + 0.0im -0.3636872383066775 - 0.33141250839736136im
-0.3636872383066775 + 0.33141250839736136im 0.08886699033179267 + 0.0im

## Face 2
-0.13140085948541025 + 0.0im -0.26800337259050305 - 0.40113340225741795im
-0.26800337259050305 + 0.40113340225741795im 0.13140085948541025 + 0.0im

## Face 3
1.0 + 0.0im 0.0 + 0.0im
0.0 + 0.0im 1.0 + 0.0im

## Face 4
-0.1755836542642365 + 0.0im -0.2399662734429725 - 0.4019783177798395im
-0.2399662734429725 + 0.4019783177798395im 0.1755836542642365 + 0.0im

## Face 5
-0.28582660159605905 + 0.0im -0.2103753686411628 - 0.3522007355034095im
-0.2103753686411628 + 0.3522007355034095im 0.28582660159605905 + 0.0im


# Tetrahedron 4
## Face 1
0.0 + 0.0im -0.43358852732880926 - 0.2489999778490639im
-0.43358852732880926 + 0.2489999778490639im 0.0 + 0.0im

## Face 2
0.0 + 0.0im -0.26747851625782726 - 0.42243963277669777im
-0.26747851625782726 + 0.42243963277669777im 0.0 + 0.0im

## Face 3
-0.21660972016670352 + 0.0im -0.1257415319364015 - 0.43274622618295505im
-0.1257415319364015 + 0.43274622618295505im 0.21660972016670352 + 0.0im

## Face 4
1.0 + 0.0im 0.0 + 0.0im
0.0 + 0.0im 1.0 + 0.0im

## Face 5
-0.20047228641026776 + 0.0im 0.16381853271951172 + 0.42775501250022285im
0.16381853271951172 - 0.42775501250022285im 0.20047228641026776 + 0.0im


# Tetrahedron 5
## Face 1
0.04082453809314266 + 0.0im -0.403595477256832 - 0.29230813848969645im
-0.403595477256832 + 0.29230813848969645im -0.04082453809314266 + 0.0im

## Face 2
0.08895378473180607 + 0.0im -0.2527474818447341 - 0.422144447556797im
-0.2527474818447341 + 0.422144447556797im -0.08895378473180607 + 0.0im

## Face 3
-0.34890172911572737 + 0.0im -0.09815800111339626 - 0.34443082068461595im
-0.09815800111339626 + 0.34443082068461595im 0.34890172911572737 + 0.0im

## Face 4
-0.1883997817842853 + 0.0im 0.19842553351324102 + 0.41848874521738255im
0.19842553351324102 - 0.41848874521738255im 0.1883997817842853 + 0.0im

## Face 5
1.0 + 0.0im 0.0 + 0.0im
0.0 + 0.0im 1.0 + 0.0im


