# Tetrahedron 1
## Face 1
1.0 0.0 0.0 0.0
0.0 1.0 0.0 0.0
0.0 0.0 1.0 0.0
0.0 0.0 0.0 1.0

## Face 2
-0.0 0.9054833456565401 -0.3495460371698122 0.0
0.9054833456565401 0.0 0.0 0.0
-0.3495460371698122 0.0 0.0 0.0
-0.0 0.0 0.0 0.0

## Face 3
-0.0 -0.20347256109127831 0.25376408847275744 -0.0701248041729139
-0.20347256109127831 0.0 0.0 0.0
0.25376408847275744 0.0 0.0 0.0
-0.0701248041729139 0.0 0.0 0.0

## Face 4
-0.0 -1.6745546768019028 1.0935596569527266 0.0
-1.6745546768019028 0.0 0.0 0.0
1.0935596569527266 0.0 0.0 0.0
-0.0 0.0 0.0 0.0

## Face 5
-0.0 -0.5655987700540843 0.490249531310157 0.0701248041729139
-0.5655987700540843 0.0 0.0 0.0
0.490249531310157 0.0 0.0 0.0
0.0701248041729139 0.0 0.0 0.0


# Tetrahedron 2
## Face 1
-0.0 0.9138818617212507 -0.32695942283313956 0.0
0.9138818617212507 0.0 0.0 0.0
-0.32695942283313956 0.0 0.0 0.0
-0.0 0.0 0.0 0.0

## Face 2
1.0 0.0 0.0 0.0
0.0 1.0 0.0 0.0
0.0 0.0 1.0 0.0
0.0 0.0 0.0 1.0

## Face 3
-0.0 -0.5410634826930775 1.7448230460806224 -0.6265933341850962
-0.5410634826930775 0.0 0.0 0.0
1.7448230460806224 0.0 0.0 0.0
-0.6265933341850962 0.0 0.0 0.0

## Face 4
-0.0 -2.6908929391723673 4.921264452324359 0.0
-2.6908929391723673 0.0 0.0 0.0
4.921264452324359 0.0 0.0 0.0
-0.0 0.0 0.0 0.0

## Face 5
-0.0 -1.2359475947580392 2.8494819834105978 0.6265933341850964
-1.2359475947580392 0.0 0.0 0.0
2.8494819834105978 0.0 0.0 0.0
0.6265933341850964 0.0 0.0 0.0


# Tetrahedron 3
## Face 1
-0.0 -0.24202535510643047 0.22054727684436198 -0.059138904605047685
-0.24202535510643047 0.0 0.0 0.0
0.22054727684436198 0.0 0.0 0.0
-0.059138904605047685 0.0 0.0 0.0

## Face 2
-0.0 -1.035169937227633 1.549388109638411 -0.5075392079972252
-1.035169937227633 0.0 0.0 0.0
1.549388109638411 0.0 0.0 0.0
-0.5075392079972252 0.0 0.0 0.0

## Face 3
1.0 0.0 0.0 0.0
0.0 1.0 0.0 0.0
0.0 0.0 1.0 0.0
0.0 0.0 0.0 1.0

## Face 4
-0.0 -1.0035997520122568 1.6811751678680142 -0.7343353269969869
-1.0035997520122568 0.0 0.0 0.0
1.6811751678680142 0.0 0.0 0.0
-0.7343353269969869 0.0 0.0 0.0

## Face 5
-0.0 -0.2104551698910544 0.352334335073965 -0.2859350236048092
-0.2104551698910544 0.0 0.0 0.0
0.352334335073965 0.0 0.0 0.0
-0.2859350236048092 0.0 0.0 0.0


# Tetrahedron 4
## Face 1
-0.0 -1.7343554293562933 0.9960006694656534 0.0
-1.7343554293562933 0.0 0.0 0.0
0.9960006694656534 0.0 0.0 0.0
-0.0 0.0 0.0 0.0

## Face 2
-0.0 -3.0005199946490695 4.738842514951329 0.0
-3.0005199946490695 0.0 0.0 0.0
4.738842514951329 0.0 0.0 0.0
-0.0 0.0 0.0 0.0

## Face 3
-0.0 -0.5258829437087706 1.8098543559900153 -0.9059167287290093
-0.5258829437087706 0.0 0.0 0.0
1.8098543559900153 0.0 0.0 0.0
-0.9059167287290093 0.0 0.0 0.0

## Face 4
1.0 0.0 0.0 0.0
0.0 1.0 0.0 0.0
0.0 0.0 1.0 0.0
0.0 0.0 0.0 1.0

## Face 5
-0.0 0.7402816215840056 -1.9329874894956598 -0.9059167287290093
0.7402816215840056 0.0 0.0 0.0
-1.9329874894956598 0.0 0.0 0.0
-0.9059167287290093 0.0 0.0 0.0


# Tetrahedron 5
## Face 1
-0.0 -0.6068251257820688 0.4394992830736182 0.06138164786123553
-0.6068251257820688 0.0 0.0 0.0
0.4394992830736182 0.0 0.0 0.0
0.06138164786123553 0.0 0.0 0.0

## Face 2
-0.0 -1.6016879923642722 2.675174794067125 0.5637097067808375
-1.6016879923642722 0.0 0.0 0.0
2.675174794067125 0.0 0.0 0.0
0.5637097067808375 0.0 0.0 0.0

## Face 3
-0.0 -0.09819523518327003 0.3445614729095857 -0.3490340772810691
-0.09819523518327003 0.0 0.0 0.0
0.3445614729095857 0.0 0.0 0.0
-0.3490340772810691 0.0 0.0 0.0

## Face 4
-0.0 0.8966676313989324 -1.8911140380839213 -0.8513621362006716
0.8966676313989324 0.0 0.0 0.0
-1.8911140380839213 0.0 0.0 0.0
-0.8513621362006716 0.0 0.0 0.0

## Face 5
1.0 0.0 0.0 0.0
0.0 1.0 0.0 0.0
0.0 0.0 1.0 0.0
0.0 0.0 0.0 1.0


