# Tetrahedron 1
## Face 1
0.0 + 0.0im 0.0 + 0.0im
0.0 + 0.0im 0.0 + 0.0im

## Face 2
0.7071067811865477 + 0.0im -0.6596612841288958 - 0.2546507220123598im
0.6596612841288958 - 0.25465072201235983im 0.7071067811865477 + 0.0im

## Face 3
0.6281916044353784 + 0.0im 0.486721935815008 + 0.6070231176103563im
-0.48672193581500794 + 0.6070231176103563im 0.6281916044353784 + 0.0im

## Face 4
0.7071067811865476 + 0.0im 0.5920440331041805 + 0.38663143026108976im
-0.5920440331041806 + 0.3866314302610897im 0.7071067811865477 + 0.0im

## Face 5
0.7393507658509785 + 0.0im 0.5087924586524705 + 0.4410109738475286im
-0.5087924586524705 + 0.44101097384752863im 0.7393507658509786 + 0.0im


# Tetrahedron 2
## Face 1
0.7071067811865475 + 0.0im -0.665779757669685 - 0.23819595772660676im
0.6657797576696851 - 0.23819595772660676im 0.7071067811865475 + 0.0im

## Face 2
0.0 + 0.0im 0.0 + 0.0im
0.0 + 0.0im 0.0 + 0.0im

## Face 3
0.5811852299760848 + 0.0im 0.24102509524970922 + 0.777258407428002im
-0.24102509524970922 + 0.777258407428002im 0.5811852299760847 + 0.0im

## Face 4
0.7071067811865475 + 0.0im 0.3392374556497783 + 0.6204175599419028im
-0.33923745564977836 + 0.620417559941903im 0.7071067811865475 + 0.0im

## Face 5
0.7738713491122468 + 0.0im 0.25202301693011475 + 0.5810400450576828im
-0.25202301693011475 + 0.5810400450576828im 0.773871349112247 + 0.0im


# Tetrahedron 3
## Face 1
0.6411965452715783 + 0.0im 0.5672008699807294 + 0.5168657112102683im
-0.5672008699807295 + 0.5168657112102683im 0.6411965452715784 + 0.0im

## Face 2
0.6071236616329411 + 0.0im 0.4414312759111906 + 0.660711198734234im
-0.4414312759111905 + 0.660711198734234im 0.607123661632941 + 0.0im

## Face 3
0.0 + 0.0im 0.0 + 0.0im
0.0 + 0.0im 0.0 + 0.0im

## Face 4
0.5695755838655335 + 0.0im 0.4213071631589183 + 0.7057506135563902im
-0.4213071631589183 + 0.7057506135563902im 0.5695755838655335 + 0.0im

## Face 5
0.4627887189678904 + 0.0im 0.4545818858989067 + 0.7610400190585592im
-0.45458188589890675 + 0.7610400190585593im 0.46278871896789064 + 0.0im


# Tetrahedron 4
## Face 1
0.7071067811865476 + 0.0im 0.6131867758377795 + 0.3521391457047465im
-0.6131867758377795 + 0.3521391457047465im 0.7071067811865476 + 0.0im

## Face 2
0.7071067811865476 + 0.0im 0.37827174533525165 + 0.5974198579567158im
-0.37827174533525165 + 0.5974198579567157im 0.7071067811865476 + 0.0im

## Face 3
0.5323441366571968 + 0.0im 0.23620346929334693 + 0.8129069081146318im
-0.23620346929334693 + 0.812906908114632im 0.5323441366571969 + 0.0im

## Face 4
0.0 + 0.0im 0.0 + 0.0im
0.0 + 0.0im 0.0 + 0.0im

## Face 5
0.5472912511540198 + 0.0im -0.29932605787884153 - 0.7815856942683763im
0.29932605787884153 - 0.7815856942683763im 0.5472912511540197 + 0.0im


# Tetrahedron 5
## Face 1
0.7354077359486658 + 0.0im 0.548805047224856 + 0.39747764974571964im
-0.548805047224856 + 0.3974776497457196im 0.7354077359486657 + 0.0im

## Face 2
0.7674332444791573 + 0.0im 0.32934132533738375 + 0.5500731830340482im
-0.3293413253373837 + 0.5500731830340482im 0.7674332444791574 + 0.0im

## Face 3
0.38871361036664626 + 0.0im 0.2525201034787817 + 0.8860786231790002im
-0.2525201034787817 + 0.8860786231790001im 0.38871361036664603 + 0.0im

## Face 4
0.558211624937814 + 0.0im -0.35546650167908284 - 0.7496955035001344im
0.3554665016790829 - 0.7496955035001344im 0.558211624937814 + 0.0im

## Face 5
0.0 + 0.0im 0.0 + 0.0im
0.0 + 0.0im 0.0 + 0.0im


