# Tetrahedron 1
## Faces 1
0.0
0.0
0.0

## Faces 2
0.9329019345875362
-0.36013050473798003
0.0

## Faces 3
0.611509267547046
-0.7626536523620301
0.2107506162338108

## Faces 4
-0.8372767011379979
0.5467794123149405
0.0

## Faces 5
0.7523521879278129
-0.6521236025257123
-0.09327910992885692


# Tetrahedron 2
## Faces 1
0.9415547628499412
-0.3368599539194157
0.0

## Faces 2
0.0
0.0
0.0

## Faces 3
0.28016045082541996
-0.9034622125437776
0.32444745691529103

## Faces 4
-0.4797542106448579
0.8774029276042618
0.0

## Faces 5
0.390066784238093
-0.8993004871140594
-0.19775372995361823


# Tetrahedron 3
## Faces 1
0.7273744766133549
-0.6628250167947226
0.1777339806635853

## Faces 2
-0.5360067451810061
0.8022668045148359
-0.2628017189708205

## Faces 3
0.0
0.0
0.0

## Faces 4
0.479932546885945
-0.803956635559679
0.351167308528473

## Faces 5
-0.42075073728232515
0.7044014710068189
-0.5716532031921184


# Tetrahedron 4
## Faces 1
0.8671770546576185
-0.4979999556981278
-0.0

## Faces 2
-0.5349570325156545
0.8448792655533955
0.0

## Faces 3
0.251483063872803
-0.8654924523659101
0.43321944033340704

## Faces 4
0.0
0.0
0.0

## Faces 5
0.32763706543902343
-0.8555100250004457
-0.4009445728205355


# Tetrahedron 5
## Faces 1
0.807190954513664
-0.5846162769793928
-0.08164907618628531

## Faces 2
-0.5054949636894679
0.8442888951135941
0.17790756946361225

## Faces 3
0.19631600222679238
-0.688861641369232
0.6978034582314548

## Faces 4
0.39685106702648215
-0.836977490434765
-0.3767995635685707

## Faces 5
0.0
0.0
0.0


