# Tetrahedron 1
## Face 1
1.0 + 0.0im 0.0 + 0.0im
0.0 + 0.0im 1.0 + 0.0im

## Face 2
0.5 + 0.0im 0.0 + 0.0im
0.0 + 0.0im -0.5 + 0.0im

## Face 3
0.5345224838248488 + 0.0im -0.13363062095621223 + 0.13363062095621223im
0.13363062095621223 + 0.13363062095621223im -0.5345224838248488 + 0.0im

## Face 4
0.0 + 0.0im 0.08455098936288138 + 0.49279927982674443im
-0.08455098936288138 + 0.49279927982674443im 0.0 + 0.0im

## Face 5
0.0 + 0.0im 0.3535533905932738 + 0.3535533905932738im
-0.3535533905932738 + 0.3535533905932738im 0.0 + 0.0im


# Tetrahedron 2
## Face 1
0.0 + 0.0im -0.35355339059327373 - 0.35355339059327373im
-0.35355339059327373 + 0.35355339059327373im 0.0 + 0.0im

## Face 2
1.0 + 0.0im 0.0 + 0.0im
0.0 + 0.0im 1.0 + 0.0im

## Face 3
0.0 + 0.0im 0.0 - 0.5im
0.0 + 0.5im 0.0 + 0.0im

## Face 4
-0.35355339059327373 + 0.0im 0.35355339059327373 + 0.0im
0.35355339059327373 + 0.0im 0.35355339059327373 + 0.0im

## Face 5
-0.5 + 0.0im 0.0 + 0.0im
0.0 + 0.0im 0.5 + 0.0im


# Tetrahedron 3
## Face 1
0.0 + 0.0im -0.32732683535398843 - 0.3779644730092274im
-0.32732683535398843 + 0.3779644730092274im 0.0 + 0.0im

## Face 2
0.0 + 0.0im 0.0 - 0.5im
0.0 + 0.5im 0.0 + 0.0im

## Face 3
1.0 + 0.0im 0.0 + 0.0im
0.0 + 0.0im 1.0 + 0.0im

## Face 4
-0.35355339059327373 + 0.0im 0.35355339059327373 + 0.0im
0.35355339059327373 + 0.0im 0.35355339059327373 + 0.0im

## Face 5
-0.5 + 0.0im 0.0 + 0.0im
0.0 + 0.0im 0.5 + 0.0im


# Tetrahedron 4
## Face 1
0.0 + 0.0im 0.288675134594813 - 0.40824829046386296im
-0.288675134594813 - 0.40824829046386296im 0.0 + 0.0im

## Face 2
0.5 + 0.0im 0.0 + 0.0im
0.0 + 0.0im -0.5 + 0.0im

## Face 3
0.5773502691896257 + 0.0im 0.0 + 0.28867513459481287im
0.0 + 0.28867513459481287im -0.5773502691896257 + 0.0im

## Face 4
1.0 + 0.0im 0.0 + 0.0im
0.0 + 0.0im 1.0 + 0.0im

## Face 5
0.0 + 0.0im 0.5 + 0.0im
-0.5 + 0.0im 0.0 + 0.0im


# Tetrahedron 5
## Face 1
0.0 + 0.0im 0.35355339059327373 + 0.35355339059327373im
-0.35355339059327373 + 0.35355339059327373im 0.0 + 0.0im

## Face 2
-0.5 + 0.0im 0.0 + 0.0im
0.0 + 0.0im 0.5 + 0.0im

## Face 3
-0.5773502691896258 + 0.0im 0.0 - 0.2886751345948129im
0.0 - 0.2886751345948129im 0.5773502691896258 + 0.0im

## Face 4
0.0 + 0.0im 0.5 + 0.0im
-0.5 + 0.0im 0.0 + 0.0im

## Face 5
1.0 + 0.0im 0.0 + 0.0im
0.0 + 0.0im 1.0 + 0.0im


