# Tetrahedron 1
## Face 1
0.0 + 0.0im 0.0 + 0.0im
0.0 + 0.0im 0.0 + 0.0im

## Face 2
1.0 + 0.0im 0.0 + 0.0im
0.0 + 0.0im 1.0 + 0.0im

## Face 3
1.0171147839967958 + 0.0im 0.13138204562429528 - 0.13138204562429528im
0.13138204562429528 + 0.13138204562429528im 1.0171147839967958 + 0.0im

## Face 4
0.9963931351764446 - 0.08485705729787929im 0.0 + 0.0im
0.0 + 0.0im 0.9963931351764446 + 0.08485705729787929im

## Face 5
0.9238795325112867 - 0.38268343236508984im 0.0 + 0.0im
0.0 + 0.0im 0.9238795325112867 + 0.38268343236508984im


# Tetrahedron 2
## Face 1
0.7071067811865476 + 0.0im 0.5 + 0.5im
-0.5 + 0.5im 0.7071067811865477 + 0.0im

## Face 2
0.0 + 0.0im 0.0 + 0.0im
0.0 + 0.0im 0.0 + 0.0im

## Face 3
0.7071067811865477 + 0.0im 0.0 + 0.7071067811865475im
0.0 + 0.7071067811865475im 0.7071067811865477 + 0.0im

## Face 4
0.38268343236508956 + 0.0im -0.9238795325112868 + 0.0im
0.9238795325112868 + 0.0im 0.38268343236508967 + 0.0im

## Face 5
0 + 0im 1 + 0im
-1 + 0im 0 + 0im


# Tetrahedron 3
## Face 1
0.7071067811865474 + 0.0im 0.46291004988627554 + 0.534522483824849im
-0.4629100498862756 + 0.534522483824849im 0.7071067811865476 + 0.0im

## Face 2
0.7071067811865477 + 0.0im 0.0 + 0.7071067811865475im
0.0 + 0.7071067811865475im 0.7071067811865477 + 0.0im

## Face 3
0.0 + 0.0im 0.0 + 0.0im
0.0 + 0.0im 0.0 + 0.0im

## Face 4
0.38268343236508956 + 0.0im -0.9238795325112868 + 0.0im
0.9238795325112868 + 0.0im 0.38268343236508967 + 0.0im

## Face 5
0 + 0im 1 + 0im
-1 + 0im 0 + 0im


# Tetrahedron 4
## Face 1
0.3029054465276863 - 0.9530206138714226im 0.0 + 0.0im
0.0 + 0.0im 0.3029054465276863 + 0.9530206138714226im

## Face 2
1.0 + 0.0im 0.0 + 0.0im
0.0 + 0.0im 1.0 + 0.0im

## Face 3
1.0379548493020423 + 0.0im 0.0 - 0.2781191636504498im
0.0 + 0.2781191636504498im 1.0379548493020423 + 0.0im

## Face 4
0.0 + 0.0im 0.0 + 0.0im
0.0 + 0.0im 0.0 + 0.0im

## Face 5
0.7071067811865476 - 0.7071067811865474im 0.0 + 0.0im
0.0 + 0.0im 0.7071067811865476 + 0.7071067811865474im


# Tetrahedron 5
## Face 1
0.9238795325112867 - 0.38268343236508995im 0.0 + 0.0im
0.0 + 0.0im 0.9238795325112867 + 0.38268343236508995im

## Face 2
1.0 + 0.0im 0.0 + 0.0im
0.0 + 0.0im 1.0 + 0.0im

## Face 3
1.0379548493020423 + 0.0im 0.0 - 0.27811916365045003im
0.0 + 0.27811916365045003im 1.0379548493020423 + 0.0im

## Face 4
0.7071067811865476 - 0.7071067811865474im 0.0 + 0.0im
0.0 + 0.0im 0.7071067811865476 + 0.7071067811865474im

## Face 5
0.0 + 0.0im 0.0 + 0.0im
0.0 + 0.0im 0.0 + 0.0im


