# Tetrahedron 1
## Face 1
1.0 0.0 0.0 0.0
0.0 1.0 0.0 0.0
0.0 0.0 1.0 0.0
0.0 0.0 0.0 1.0

## Face 2
-0.0 1.6666666666666667 -4.714045207910317 0.0
1.6666666666666667 0.0 0.0 0.0
-4.714045207910317 0.0 0.0 0.0
-0.0 0.0 0.0 0.0

## Face 3
-0.0 -1.6666666666666665 -2.3570226039551585 4.08248290463863
-1.6666666666666665 0.0 0.0 0.0
-2.3570226039551585 0.0 0.0 0.0
4.08248290463863 0.0 0.0 0.0

## Face 4
-0.0 -5.0 0.0 0.0
-5.0 0.0 0.0 0.0
-0.0 0.0 0.0 0.0
-0.0 0.0 0.0 0.0

## Face 5
-0.0 -1.666666666666667 -2.3570226039551585 -4.08248290463863
-1.666666666666667 0.0 0.0 0.0
-2.3570226039551585 0.0 0.0 0.0
-4.08248290463863 0.0 0.0 0.0


# Tetrahedron 2
## Face 1
-0.0 1.6666666666666639 -4.714045207910317 0.0
1.6666666666666639 0.0 0.0 0.0
-4.714045207910317 0.0 0.0 0.0
-0.0 0.0 0.0 0.0

## Face 2
1.0 0.0 0.0 0.0
0.0 1.0 0.0 0.0
0.0 0.0 1.0 0.0
0.0 0.0 0.0 1.0

## Face 3
-0.0 0.18755855213423478 -4.621563654786241 2.3619791870851072
0.18755855213423478 0.0 0.0 0.0
-4.621563654786241 0.0 0.0 0.0
2.3619791870851072 0.0 0.0 0.0

## Face 4
-0.0 -1.2915495623981943 -4.529082101662165 0.0
-1.2915495623981943 0.0 0.0 0.0
-4.529082101662165 0.0 0.0 0.0
-0.0 0.0 0.0 0.0

## Face 5
-0.0 0.18755855213423478 -4.621563654786241 -2.3619791870851077
0.18755855213423478 0.0 0.0 0.0
-4.621563654786241 0.0 0.0 0.0
-2.3619791870851077 0.0 0.0 0.0


# Tetrahedron 3
## Face 1
-0.0 -1.6666666666666645 -2.3570226039551554 4.082482904638627
-1.6666666666666645 0.0 0.0 0.0
-2.3570226039551554 0.0 0.0 0.0
4.082482904638627 0.0 0.0 0.0

## Face 2
-0.0 -0.1875585521342359 -4.356315806618939 2.821401936709183
-0.1875585521342359 0.0 0.0 0.0
-4.356315806618939 0.0 0.0 0.0
2.821401936709183 0.0 0.0 0.0

## Face 3
1.0 0.0 0.0 0.0
0.0 1.0 0.0 0.0
0.0 0.0 1.0 0.0
0.0 0.0 0.0 1.0

## Face 4
-0.0 1.291549562398194 -2.2645410508310806 3.9223001558648494
1.291549562398194 0.0 0.0 0.0
-2.2645410508310806 0.0 0.0 0.0
3.9223001558648494 0.0 0.0 0.0

## Face 5
-0.0 -0.1875585521342345 -0.26524784816729563 5.183381123794294
-0.1875585521342345 0.0 0.0 0.0
-0.26524784816729563 0.0 0.0 0.0
5.183381123794294 0.0 0.0 0.0


# Tetrahedron 4
## Face 1
-0.0 -5.0 0.0 0.0
-5.0 0.0 0.0 0.0
-0.0 0.0 0.0 0.0
-0.0 0.0 0.0 0.0

## Face 2
-0.0 -1.6666666666666667 -4.404873117122644 0.0
-1.6666666666666667 0.0 0.0 0.0
-4.404873117122644 0.0 0.0 0.0
-0.0 0.0 0.0 0.0

## Face 3
-0.0 1.6666666666666665 -2.202436558561322 3.814732019875357
1.6666666666666665 0.0 0.0 0.0
-2.202436558561322 0.0 0.0 0.0
3.814732019875357 0.0 0.0 0.0

## Face 4
1.0 0.0 0.0 0.0
0.0 1.0 0.0 0.0
0.0 0.0 1.0 0.0
0.0 0.0 0.0 1.0

## Face 5
-0.0 -1.6666666666666665 2.202436558561322 3.814732019875357
-1.6666666666666665 0.0 0.0 0.0
2.202436558561322 0.0 0.0 0.0
3.814732019875357 0.0 0.0 0.0


# Tetrahedron 5
## Face 1
-0.0 -1.6666666666666663 -2.3570226039551563 -4.082482904638628
-1.6666666666666663 0.0 0.0 0.0
-2.3570226039551563 0.0 0.0 0.0
-4.082482904638628 0.0 0.0 0.0

## Face 2
-0.0 -0.18755855213423767 -4.356315806618937 -2.821401936709184
-0.18755855213423767 0.0 0.0 0.0
-4.356315806618937 0.0 0.0 0.0
-2.821401936709184 0.0 0.0 0.0

## Face 3
-0.0 0.18755855213423667 0.2652478481672985 5.183381123794293
0.18755855213423667 0.0 0.0 0.0
0.2652478481672985 0.0 0.0 0.0
5.183381123794293 0.0 0.0 0.0

## Face 4
-0.0 -1.2915495623981912 2.26454105083108 3.922300155864848
-1.2915495623981912 0.0 0.0 0.0
2.26454105083108 0.0 0.0 0.0
3.922300155864848 0.0 0.0 0.0

## Face 5
1.0 0.0 0.0 0.0
0.0 1.0 0.0 0.0
0.0 0.0 1.0 0.0
0.0 0.0 0.0 1.0


