# Tetrahedron 1
## Faces 1
0.0 + 0.0im 0.0 + 0.0im
0.0 + 0.0im 0.0 + 0.0im

## Faces 2
1.0 + 0.0im 0.0 + 0.0im
0.0 + 0.0im 1.0 + 0.0im

## Faces 3
1.0171147839967958 + 0.0im 0.13138204562429528 + 0.13138204562429528im
0.13138204562429528 - 0.13138204562429528im 1.0171147839967958 + 0.0im

## Faces 4
0.7045563426109882 - 0.06000300064686585im 0.7045563426109882 + 0.06000300064686585im
0.7045563426109882 - 0.06000300064686585im -0.7045563426109882 - 0.06000300064686585im

## Faces 5
0.6532814824381882 - 0.2705980500730985im 0.6532814824381882 + 0.2705980500730985im
0.6532814824381882 - 0.2705980500730985im -0.6532814824381882 - 0.2705980500730985im


# Tetrahedron 2
## Faces 1
0.7071067811865476 + 0.0im -0.5 + 0.5im
0.5 + 0.5im 0.7071067811865477 + 0.0im

## Faces 2
0.0 + 0.0im 0.0 + 0.0im
0.0 + 0.0im 0.0 + 0.0im

## Faces 3
0.7071067811865477 + 0.0im 0.0 + 0.7071067811865475im
0.0 + 0.7071067811865475im 0.7071067811865477 + 0.0im

## Faces 4
0.38268343236508956 + 0.0im 0.9238795325112868 + 0.0im
-0.9238795325112868 + 0.0im 0.38268343236508967 + 0.0im

## Faces 5
0.0 + 0.0im -1.0 + 0.0im
1.0 + 0.0im 0.0 + 0.0im


# Tetrahedron 3
## Faces 1
0.7071067811865474 + 0.0im -0.4629100498862756 + 0.534522483824849im
0.46291004988627554 + 0.534522483824849im 0.7071067811865476 + 0.0im

## Faces 2
0.7071067811865477 + 0.0im 0.0 + 0.7071067811865475im
0.0 + 0.7071067811865475im 0.7071067811865477 + 0.0im

## Faces 3
0.0 + 0.0im 0.0 + 0.0im
0.0 + 0.0im 0.0 + 0.0im

## Faces 4
0.38268343236508956 + 0.0im 0.9238795325112868 + 0.0im
-0.9238795325112868 + 0.0im 0.38268343236508967 + 0.0im

## Faces 5
0.0 + 0.0im -1.0 + 0.0im
1.0 + 0.0im 0.0 + 0.0im


# Tetrahedron 4
## Faces 1
0.21418649529806613 - 0.6738873386790492im 0.21418649529806613 + 0.6738873386790492im
0.21418649529806613 - 0.6738873386790492im -0.21418649529806613 - 0.6738873386790492im

## Faces 2
1.0 + 0.0im 0.0 + 0.0im
0.0 + 0.0im 1.0 + 0.0im

## Faces 3
1.0379548493020423 + 0.0im 0.0 + 0.2781191636504498im
0.0 - 0.2781191636504498im 1.0379548493020423 + 0.0im

## Faces 4
0.0 + 0.0im 0.0 + 0.0im
0.0 + 0.0im 0.0 + 0.0im

## Faces 5
0.5 - 0.49999999999999983im 0.5 + 0.49999999999999983im
0.5 - 0.49999999999999983im -0.5 - 0.49999999999999983im


# Tetrahedron 5
## Faces 1
0.6532814824381882 - 0.2705980500730986im 0.6532814824381882 + 0.2705980500730986im
0.6532814824381882 - 0.2705980500730986im -0.6532814824381882 - 0.2705980500730986im

## Faces 2
0.0 + 0.0im 1.0 + 0.0im
1.0 + 0.0im 0.0 + 0.0im

## Faces 3
0.0 - 0.27811916365045003im 1.0379548493020423 + 0.0im
1.0379548493020423 + 0.0im 0.0 + 0.27811916365045003im

## Faces 4
0.5 - 0.49999999999999983im 0.5 + 0.49999999999999983im
0.5 - 0.49999999999999983im -0.5 - 0.49999999999999983im

## Faces 5
0.0 + 0.0im 0.0 + 0.0im
0.0 + 0.0im 0.0 + 0.0im


