# Tetrahedron 1
## Faces 1
0.0
0.0
0.0

## Faces 2
1.0
-0.0
0.0

## Faces 3
1.0690449676496976
0.26726124191242445
0.26726124191242445

## Faces 4
0.0
-0.16910197872576277
0.9855985596534889

## Faces 5
0.0
-0.7071067811865476
0.7071067811865476


# Tetrahedron 2
## Faces 1
-0.7071067811865475
0.7071067811865475
0.0

## Faces 2
0.0
0.0
0.0

## Faces 3
0.0
1.0
0.0

## Faces 4
0.7071067811865475
0.0
-0.7071067811865475

## Faces 5
0.0
0.0
-1.0


# Tetrahedron 3
## Faces 1
-0.6546536707079769
0.7559289460184548
0.0

## Faces 2
0.0
1.0
0.0

## Faces 3
0.0
0.0
0.0

## Faces 4
0.7071067811865475
0.0
-0.7071067811865475

## Faces 5
0.0
0.0
-1.0


# Tetrahedron 4
## Faces 1
0.0
-0.577350269189626
-0.8164965809277259

## Faces 2
1.0
-0.0
0.0

## Faces 3
1.1547005383792515
-0.0
0.5773502691896257

## Faces 4
0.0
0.0
0.0

## Faces 5
0.0
-1.0
0.0


# Tetrahedron 5
## Faces 1
0.0
-0.7071067811865475
0.7071067811865475

## Faces 2
-1.0
-0.0
0.0

## Faces 3
-1.1547005383792517
-0.0
-0.5773502691896258

## Faces 4
0.0
-1.0
0.0

## Faces 5
0.0
0.0
0.0


