# Tetrahedron 1
## Faces 1
0.0
0.0
0.0

## Faces 2
-0.33333333333333337
0.9428090415820634
-0.0

## Faces 3
-0.3333333333333333
-0.4714045207910317
0.816496580927726

## Faces 4
1.0
-0.0
0.0

## Faces 5
-0.33333333333333337
-0.4714045207910317
-0.816496580927726


# Tetrahedron 2
## Faces 1
-0.3333333333333328
0.9428090415820636
-0.0

## Faces 2
0.0
0.0
0.0

## Faces 3
0.03611373863190141
-0.8898658045738934
0.4547907735784492

## Faces 4
0.27423545332130667
0.9616625791521979
0.0

## Faces 5
0.036113738631901406
-0.8898658045738932
-0.4547907735784492


# Tetrahedron 3
## Faces 1
-0.3333333333333332
-0.4714045207910317
0.8164965809277261

## Faces 2
0.03611373863190164
0.8387932656126604
-0.5432510059308453

## Faces 3
0.0
0.0
0.0

## Faces 4
0.2742354533213068
-0.4808312895760988
0.8328242234146671

## Faces 5
0.03611373863190137
0.05107253896123221
-0.9980417795092948


# Tetrahedron 4
## Faces 1
-1.0
0.0
-0.0

## Faces 2
0.353884281467419
0.9352892148048584
0.0

## Faces 3
0.353884281467419
-0.4676446074024292
0.8099842199066081

## Faces 4
0.0
0.0
0.0

## Faces 5
0.353884281467419
-0.4676446074024292
-0.8099842199066081


# Tetrahedron 5
## Faces 1
-0.3333333333333335
-0.47140452079103157
-0.8164965809277261

## Faces 2
0.03611373863190201
0.8387932656126604
0.5432510059308455

## Faces 3
0.03611373863190181
0.05107253896123268
0.9980417795092948

## Faces 4
0.27423545332130633
-0.48083128957609883
-0.8328242234146672

## Faces 5
0.0
0.0
0.0


