# Tetrahedron 1
## Face 1
1.0 + 0.0im 0.0 + 0.0im
0.0 + 0.0im 1.0 + 0.0im

## Face 2
-0.10631014622714675 + 0.0im -0.3019320751434823 - 0.38410307836401586im
-0.3019320751434823 + 0.38410307836401586im 0.10631014622714675 + 0.0im

## Face 3
0.0983005845302716 + 0.0im -0.48694558981706876 + 0.056753745591934496im
-0.48694558981706876 - 0.056753745591934496im -0.0983005845302716 + 0.0im

## Face 4
0.2383762017467324 + 0.0im -0.4174156173250638 + 0.13762626513110446im
-0.4174156173250638 - 0.13762626513110446im -0.2383762017467324 + 0.0im

## Face 5
0.41748558534604246 + 0.0im -0.2613718528574934 + 0.08596825322241408im
-0.2613718528574934 - 0.08596825322241408im -0.41748558534604246 + 0.0im


# Tetrahedron 2
## Face 1
-0.08886699033179264 + 0.0im -0.36368723830667754 - 0.3314125083973612im
-0.36368723830667754 + 0.3314125083973612im 0.08886699033179264 + 0.0im

## Face 2
1.0 + 0.0im 0.0 + 0.0im
0.0 + 0.0im 1.0 + 0.0im

## Face 3
-0.13140085948541022 + 0.0im -0.26800337259050305 - 0.4011334022574179im
-0.26800337259050305 + 0.4011334022574179im 0.13140085948541022 + 0.0im

## Face 4
-0.17558365426423655 + 0.0im -0.23996627344297256 - 0.4019783177798395im
-0.23996627344297256 + 0.4019783177798395im 0.17558365426423655 + 0.0im

## Face 5
-0.2858266015960595 + 0.0im -0.21037536864116238 - 0.35220073550340936im
-0.21037536864116238 + 0.35220073550340936im 0.2858266015960595 + 0.0im


# Tetrahedron 3
## Face 1
0.0923274795099343 + 0.0im -0.4885019901572597 + 0.05330517929562989im
-0.4885019901572597 - 0.05330517929562989im -0.0923274795099343 + 0.0im

## Face 2
-0.17097343935135442 + 0.0im -0.0857059870687408 - 0.46197680333209545im
-0.0857059870687408 + 0.46197680333209545im 0.17097343935135442 + 0.0im

## Face 3
1.0 + 0.0im 0.0 + 0.0im
0.0 + 0.0im 1.0 + 0.0im

## Face 4
-0.40618532453956646 + 0.0im 0.17325765560097978 - 0.2345106967802095im
0.17325765560097978 + 0.2345106967802095im 0.40618532453956646 + 0.0im

## Face 5
-0.4839396996473817 + 0.0im 0.09624462651940971 - 0.08086617940363795im
0.09624462651940971 + 0.08086617940363795im 0.4839396996473817 + 0.0im


# Tetrahedron 4
## Face 1
0.21838340810268958 + 0.0im -0.4317541567315599 + 0.12608344542593117im
-0.4317541567315599 - 0.12608344542593117im -0.21838340810268958 + 0.0im

## Face 2
-0.24667207205377056 + 0.0im 0.013457554584649754 - 0.43470884864849557im
0.013457554584649754 + 0.43470884864849557im 0.24667207205377056 + 0.0im

## Face 3
-0.3922429702234526 + 0.0im 0.21180374407402544 - 0.22646109225760708im
0.21180374407402544 + 0.22646109225760708im 0.3922429702234526 + 0.0im

## Face 4
1.0 + 0.0im 0.0 + 0.0im
0.0 + 0.0im 1.0 + 0.0im

## Face 5
-0.488424731109131 + 0.0im 0.10430740637389303 - 0.02369065251369466im
0.10430740637389303 + 0.02369065251369466im 0.488424731109131 + 0.0im


# Tetrahedron 5
## Face 1
0.35595526385110077 + 0.0im -0.3430699622457353 + 0.07482547120735682im
-0.3430699622457353 - 0.07482547120735682im -0.35595526385110077 + 0.0im

## Face 2
-0.38882286913356034 + 0.0im 0.25052006694736056 - 0.1898854193861029im
0.25052006694736056 + 0.1898854193861029im 0.38882286913356034 + 0.0im

## Face 3
-0.4012978607553213 + 0.0im 0.28815815315083165 - 0.07697340921321223im
0.28815815315083165 + 0.07697340921321223im 0.4012978607553213 + 0.0im

## Face 4
-0.412908782206638 + 0.0im 0.2769598862869418 - 0.05291085866394011im
0.2769598862869418 + 0.05291085866394011im 0.412908782206638 + 0.0im

## Face 5
1.0 + 0.0im 0.0 + 0.0im
0.0 + 0.0im 1.0 + 0.0im


