# Tetrahedron 1
## Face 1
1.0 0.0 0.0 0.0
0.0 1.0 0.0 0.0
0.0 0.0 1.0 0.0
0.0 0.0 0.0 1.0

## Face 2
-0.0 -0.2009287376836758 0.2556116193995619 -0.07074691708138878
-0.2009287376836758 0.0 0.0 0.0
0.2556116193995619 0.0 0.0 0.0
-0.07074691708138878 0.0 0.0 0.0

## Face 3
-0.0 -1.508589451338489 -0.17582683510103228 0.3045416736159072
-1.508589451338489 0.0 0.0 0.0
-0.17582683510103228 0.0 0.0 0.0
0.3045416736159072 0.0 0.0 0.0

## Face 4
-0.0 -1.6696584761643694 -0.5505037439460357 0.9535025266013235
-1.6696584761643694 0.0 0.0 0.0
-0.5505037439460357 0.0 0.0 0.0
0.9535025266013235 0.0 0.0 0.0

## Face 5
-0.0 -0.36199776250955606 -0.11906528944544162 0.5782139359040278
-0.36199776250955606 0.0 0.0 0.0
-0.11906528944544162 0.0 0.0 0.0
0.5782139359040278 0.0 0.0 0.0


# Tetrahedron 2
## Face 1
-0.0 -0.24202535510643058 0.22054727684436196 -0.059138904605047685
-0.24202535510643058 0.0 0.0 0.0
0.22054727684436196 0.0 0.0 0.0
-0.059138904605047685 0.0 0.0 0.0

## Face 2
1.0 0.0 0.0 0.0
0.0 1.0 0.0 0.0
0.0 0.0 1.0 0.0
0.0 0.0 0.0 1.0

## Face 3
-0.0 -1.0351699372276326 1.54938810963841 -0.5075392079972247
-1.0351699372276326 0.0 0.0 0.0
1.54938810963841 0.0 0.0 0.0
-0.5075392079972247 0.0 0.0 0.0

## Face 4
-0.0 -1.0035997520122562 1.6811751678680127 -0.7343353269969866
-1.0035997520122562 0.0 0.0 0.0
1.6811751678680127 0.0 0.0 0.0
-0.7343353269969866 0.0 0.0 0.0

## Face 5
-0.0 -0.21045516989105412 0.35233433507396505 -0.2859350236048098
-0.21045516989105412 0.0 0.0 0.0
0.35233433507396505 0.0 0.0 0.0
-0.2859350236048098 0.0 0.0 0.0


# Tetrahedron 3
## Face 1
-0.0 -1.5134112819174521 -0.16514294999017 0.28603660156298427
-1.5134112819174521 0.0 0.0 0.0
-0.16514294999017 0.0 0.0 0.0
0.28603660156298427 0.0 0.0 0.0

## Face 2
-0.0 -0.3310415850234145 1.7843973151659314 -0.6603893181275808
-0.3310415850234145 0.0 0.0 0.0
1.7843973151659314 0.0 0.0 0.0
-0.6603893181275808 0.0 0.0 0.0

## Face 3
1.0 0.0 0.0 0.0
0.0 1.0 0.0 0.0
0.0 0.0 1.0 0.0
0.0 0.0 0.0 1.0

## Face 4
-0.0 1.862563815847547 2.5210495705769205 -4.366595434940255
1.862563815847547 0.0 0.0 0.0
2.5210495705769205 0.0 0.0 0.0
-4.366595434940255 0.0 0.0 0.0

## Face 5
-0.0 0.6801941189535099 0.571509305420819 -3.42016951524969
0.6801941189535099 0.0 0.0 0.0
0.571509305420819 0.0 0.0 0.0
-3.42016951524969 0.0 0.0 0.0


# Tetrahedron 4
## Face 1
-0.0 -1.727012496623141 -0.5043325755477741 0.8735315432828296
-1.727012496623141 0.0 0.0 0.0
-0.5043325755477741 0.0 0.0 0.0
0.8735315432828296 0.0 0.0 0.0

## Face 2
-0.0 0.056282902801570556 1.818062540379634 -1.031645100745152
0.056282902801570556 0.0 0.0 0.0
1.818062540379634 0.0 0.0 0.0
-1.031645100745152 0.0 0.0 0.0

## Face 3
-0.0 2.276944060018109 2.4345142768626196 -4.216711583823591
2.276944060018109 0.0 0.0 0.0
2.4345142768626196 0.0 0.0 0.0
-4.216711583823591 0.0 0.0 0.0

## Face 4
1.0 0.0 0.0 0.0
0.0 1.0 0.0 0.0
0.0 0.0 1.0 0.0
0.0 0.0 0.0 1.0

## Face 5
-0.0 0.49364866059339774 0.11211916093521113 -2.311534939795609
0.49364866059339774 0.0 0.0 0.0
0.11211916093521113 0.0 0.0 0.0
-2.311534939795609 0.0 0.0 0.0


# Tetrahedron 5
## Face 1
-0.0 -0.4751489395642988 -0.10363263243404669 0.49299497118326685
-0.4751489395642988 0.0 0.0 0.0
-0.10363263243404669 0.0 0.0 0.0
0.49299497118326685 0.0 0.0 0.0

## Face 2
-0.0 0.25061509620194744 0.18995744822627147 -0.3889703605016983
0.25061509620194744 0.0 0.0 0.0
0.18995744822627147 0.0 0.0 0.0
-0.3889703605016983 0.0 0.0 0.0

## Face 3
-0.0 2.0365134988826847 0.5439977498595205 -2.836111009058212
2.0365134988826847 0.0 0.0 0.0
0.5439977498595205 0.0 0.0 0.0
-2.836111009058212 0.0 0.0 0.0

## Face 4
-0.0 1.3107494631164385 0.2504076691992025 -1.9541456773732466
1.3107494631164385 0.0 0.0 0.0
0.2504076691992025 0.0 0.0 0.0
-1.9541456773732466 0.0 0.0 0.0

## Face 5
1.0 0.0 0.0 0.0
0.0 1.0 0.0 0.0
0.0 0.0 1.0 0.0
0.0 0.0 0.0 1.0


