# Tetrahedron 1
## Faces 1
0.0 + 0.0im 0.0 + 0.0im
0.0 + 0.0im 0.0 + 0.0im

## Faces 2
0.6274470924092749 + 0.0im -0.4812072265473759 + 0.6121680744254224im
0.4812072265473759 + 0.6121680744254223im 0.627447092409275 + 0.0im

## Faces 3
0.7734989234189481 + 0.0im -0.6295362218019864 - 0.0733727531786041im
0.6295362218019863 - 0.0733727531786041im 0.7734989234189482 + 0.0im

## Faces 4
0.8592881948140172 + 0.0im -0.4857690584419218 - 0.16016310472052048im
0.48576905844192186 - 0.16016310472052048im 0.8592881948140172 + 0.0im

## Faces 5
0.9578546786157295 + 0.0im -0.2728721367579707 - 0.08975083083234872im
0.27287213675797073 - 0.08975083083234872im 0.9578546786157296 + 0.0im


# Tetrahedron 2
## Faces 1
0.6411965452715783 + 0.0im -0.5672008699807297 + 0.516865711210268im
0.5672008699807296 + 0.5168657112102681im 0.6411965452715785 + 0.0im

## Faces 2
0.0 + 0.0im 0.0 + 0.0im
0.0 + 0.0im 0.0 + 0.0im

## Faces 3
0.607123661632941 + 0.0im -0.44143127591119063 + 0.660711198734234im
0.44143127591119063 + 0.660711198734234im 0.607123661632941 + 0.0im

## Faces 4
0.5695755838655333 + 0.0im -0.4213071631589184 + 0.7057506135563903im
0.4213071631589184 + 0.7057506135563903im 0.5695755838655334 + 0.0im

## Faces 5
0.46278871896788976 + 0.0im -0.45458188589890647 + 0.7610400190585599im
0.4545818858989066 + 0.76104001905856im 0.46278871896788976 + 0.0im


# Tetrahedron 3
## Faces 1
0.7696281436576592 + 0.0im -0.6347246968330096 - 0.06926095379295372im
0.6347246968330095 - 0.06926095379295373im 0.7696281436576591 + 0.0im

## Faces 2
0.5736083687052044 + 0.0im -0.14941551020638585 + 0.8053871396174139im
0.14941551020638585 + 0.8053871396174141im 0.5736083687052044 + 0.0im

## Faces 3
0.0 + 0.0im 0.0 + 0.0im
0.0 + 0.0im 0.0 + 0.0im

## Faces 4
0.3062918142236798 + 0.0im 0.5656620502252543 + 0.765644675730543im
-0.5656620502252545 + 0.7656446757305432im 0.30629181422367996 + 0.0im

## Faces 5
0.12672924032210708 + 0.0im 0.7594508281970707 + 0.638101981816516im
-0.7594508281970707 + 0.6381019818165159im 0.12672924032210703 + 0.0im


# Tetrahedron 4
## Faces 1
0.8475750162095916 + 0.0im -0.5093993433907378 - 0.14875785979367845im
0.5093993433907378 - 0.14875785979367845im 0.8475750162095916 + 0.0im

## Faces 2
0.5033169259484818 + 0.0im 0.02673773499528056 + 0.8636881182354499im
-0.026737734995280555 + 0.86368811823545im 0.5033169259484815 + 0.0im

## Faces 3
0.32826365893371046 + 0.0im 0.6452244660953987 + 0.6898756109440022im
-0.6452244660953987 + 0.6898756109440022im 0.3282636589337105 + 0.0im

## Faces 4
0.0 + 0.0im 0.0 + 0.0im
0.0 + 0.0im 0.0 + 0.0im

## Faces 5
0.10758842359133684 + 0.0im 0.9695039939435606 + 0.22019704093519382im
-0.9695039939435607 + 0.22019704093519388im 0.10758842359133697 + 0.0im


# Tetrahedron 5
## Faces 1
0.9251785037770283 + 0.0im -0.3708148869057777 - 0.08087679393963747im
0.3708148869057777 - 0.08087679393963747im 0.9251785037770283 + 0.0im

## Faces 2
0.33343234826039264 + 0.0im 0.7513370201013552 + 0.5694870949887944im
-0.7513370201013552 + 0.5694870949887944im 0.33343234826039253 + 0.0im

## Faces 3
0.3141689660750704 + 0.0im 0.917207567478121 + 0.2450064058676614im
-0.9172075674781212 + 0.24500640586766143im 0.3141689660750703 + 0.0im

## Faces 4
0.29511221220641176 + 0.0im 0.9384900889605567 + 0.17929064428866295im
-0.9384900889605569 + 0.17929064428866293im 0.29511221220641165 + 0.0im

## Faces 5
0.0 + 0.0im 0.0 + 0.0im
0.0 + 0.0im 0.0 + 0.0im


