# Tetrahedron 1
## Faces 1
0.0
0.0
0.0

## Faces 2
-0.6038641502869646
0.7682061567280317
-0.2126202924542935

## Faces 3
-0.9738911796341375
-0.11350749118386899
0.1966011690605432

## Faces 4
-0.8348312346501277
-0.2752525302622089
0.4767524034934648

## Faces 5
-0.5227437057149869
-0.17193650644482816
0.8349711706920849


# Tetrahedron 2
## Faces 1
-0.7273744766133551
0.6628250167947224
-0.17773398066358528

## Faces 2
0.0
0.0
0.0

## Faces 3
-0.5360067451810061
0.8022668045148358
-0.26280171897082044

## Faces 4
-0.4799325468859451
0.803956635559679
-0.3511673085284731

## Faces 5
-0.42075073728232476
0.7044014710068187
-0.571653203192119


# Tetrahedron 3
## Faces 1
-0.9770039803145194
-0.10661035859125978
0.1846549590198686

## Faces 2
-0.1714119741374816
0.9239536066641909
-0.34194687870270885

## Faces 3
0.0
0.0
0.0

## Faces 4
0.34651531120195955
0.469021393560419
-0.8123706490791329

## Faces 5
0.19248925303881942
0.1617323588072759
-0.9678793992947634


# Tetrahedron 4
## Faces 1
-0.8635083134631198
-0.25216689085186234
0.43676681620537916

## Faces 2
0.026915109169299508
0.8694176972969911
-0.4933441441075411

## Faces 3
0.4236074881480509
0.45292218451521415
-0.7844859404469052

## Faces 4
0.0
0.0
0.0

## Faces 5
0.20861481274778607
0.04738130502738932
-0.976849462218262


# Tetrahedron 5
## Faces 1
-0.6861399244914707
-0.14965094241471363
0.7119105277022015

## Faces 2
0.5010401338947211
0.3797708387722058
-0.7776457382671207

## Faces 3
0.5763163063016633
0.15394681842642446
-0.8025957215106426

## Faces 4
0.5539197725738836
0.10582171732788022
-0.825817564413276

## Faces 5
0.0
0.0
0.0


