# Tetrahedron 1
## Faces 1
0.0
0.0
0.0

## Faces 2
-0.6038641502869645
0.7682061567280316
-0.21262029245429345

## Faces 3
0.9738911796341374
0.11350749118386906
-0.1966011690605432

## Faces 4
-0.8348312346501275
-0.275252530262209
0.4767524034934648

## Faces 5
0.5227437057149869
0.17193650644482816
-0.8349711706920848


# Tetrahedron 2
## Faces 1
0.7273744766133551
-0.6628250167947224
0.17773398066358528

## Faces 2
0.0
0.0
0.0

## Faces 3
-0.5360067451810062
0.8022668045148359
-0.26280171897082044

## Faces 4
0.4799325468859451
-0.803956635559679
0.3511673085284731

## Faces 5
-0.42075073728232515
0.7044014710068187
-0.5716532031921187


# Tetrahedron 3
## Faces 1
0.9770039803145194
0.10661035859125977
-0.1846549590198686

## Faces 2
-0.1714119741374816
0.9239536066641909
-0.34194687870270885

## Faces 3
0.0
0.0
0.0

## Faces 4
-0.34651531120195955
-0.469021393560419
0.8123706490791329

## Faces 5
0.19248925303881936
0.16173235880727588
-0.9678793992947634


# Tetrahedron 4
## Faces 1
0.86350831346312
0.252166890851862
-0.436766816205379

## Faces 2
0.026915109169299508
0.8694176972969911
-0.4933441441075411

## Faces 3
-0.42360748814805094
-0.45292218451521404
0.7844859404469051

## Faces 4
0.0
0.0
0.0

## Faces 5
0.20861481274778593
0.04738130502738937
-0.976849462218262


# Tetrahedron 5
## Faces 1
0.6861399244914701
0.14965094241471366
-0.711910527702202

## Faces 2
0.5010401338947215
0.3797708387722048
-0.7776457382671209

## Faces 3
-0.5763163063016632
-0.15394681842642446
0.8025957215106426

## Faces 4
0.5539197725738836
0.10582171732788043
-0.8258175644132759

## Faces 5
0.0
0.0
0.0


